Command line:
"travis -p aimnet2_analysis_unwrapped_v6_200k_interval_10.lmp -i input_tr.txt"


  ________                                 __
 /        |                               /  |
 ########/ ______    ______    __     __  ##/    _______
    ## |  /      \  /      \  /  \   /  | /  |  /       |
    ## | /######  | ######  | ##  \ /##/  ## | /#######/
    ## | ## |  ##/  /    ## |  ##  /##/   ## | ##      \
    ## | ## |      /####### |   ## ##/    ## |  ######  |
    ## | ## |      ##    ## |    ###/     ## | /     ##/
    ##/  ##/        #######/      #/      ##/  #######/

    TRajectory Analyzer and VISualizer  -  Open-source free software under GNU GPL v3

    Copyright (c) Martin Brehm      (2009-2022), University of Halle (Saale)
                  Martin Thomas     (2012-2022)
                  Sascha Gehrke     (2016-2022), University of Bonn
                  Barbara Kirchner  (2009-2022), University of Bonn

    http://www.travis-analyzer.de

    Please cite: J. Chem. Phys. 2020, 152 (16), 164105.         (DOI 10.1063/5.0005078 )
                 J. Chem. Inf. Model. 2011, 51 (8), 2007-2023.  (DOI 10.1021/ci200217w )

    There is absolutely no warranty on any results obtained from TRAVIS.

 #  Running on bunya2.rcc.uq.edu.au at Thu Feb  5 10:45:45 2026 (PID 607200)
 #  Running in /scratch/user/s4851246/proton_project/travis_tool/travis-src-220729
 #  Version: Jul 29 2022, built at Jan 19 2026, 09:13:21, compiler "13.3.0", GCC 13.3.0
 #  Target platform: Linux, __cplusplus=201402L, Compile flags: NEW_CHARGEVAR DEBUG_ARRAYS 
 #  Machine: x86_64, char=1b, int=4b, long=8b, addr=8b, 0xA0B0C0D0=D0,C0,B0,A0.
 #  Home: /home/s4851246,  Executable: /scratch/user/s4851246/proton_project/travis_tool/travis-src-220729/exe/travis
 #  Input from input_tr.txt, Output to terminal

    >>> Please use a color scheme with dark background or specify "-nocolor"! <<<

    Loading configuration from /home/s4851246/.travis.conf ...

    Opening position trajectory aimnet2_analysis_unwrapped_v6_200k_interval_10.lmp ...
    Analyzing LAMMPS trajectory column definition:
      - Field  1: id      
      - Field  2: element 
      - Field  3: xu      
      - Field  4: yu      
      - Field  5: zu      
    Found 5 columns in total.

    Trajectory contains approximately 20022 frames (just a *guess* from the file size of 2.64 GiB).

    4700 atoms in the system: 500x C, 2800x H, 200x N, 1200x O

    System extent:  X = {  -1020 ..  +4532 pm }, dX = 5553 pm
      (in step 1)   Y = {   -942 ..  +4822 pm }, dY = 5764 pm
                    Z = {   -977 ..  +4468 pm }, dZ = 5445 pm

    The "advanced mode" offers seldomly required features, including support for non-orthorhombic
    simulation cells, NPT ensemble, non-periodic systems, user-definded virtual atoms, pseudomolecules, ...

    Use the advanced mode until the analysis selection menu (y/n)? [no] n

    Found cell geometry data in trajectory file:

      X = 3720.00 pm,   Y = 3720.00 pm,   Z = 3720.00 pm

    The overall box density is 0.994420 g/cm^3.

    Assuming a 3D-periodic cell.

    Use these values (y) or enter different values (n)? [yes] y
    Update cell geometry in every time step (i.e., NPT ensemble) (y) or use fixed cell (n)? [yes] y

    Using the following element data:

      Element | Ord. Number |  Mass / u | Cov. Radius / pm | VdW Radius / pm | Color
    ----------|-------------|-----------|------------------|-----------------|----------
      H       |           1 |   1.00798 |            37.00 |          109.00 | #FFFFFF
      C       |           6 |  12.01060 |            82.00 |          170.00 | #808080
      N       |           7 |  14.00690 |            77.00 |          155.00 | #0000FF
      O       |           8 |  15.99940 |            75.00 |          152.00 | #FF0000


    NPT: Using a cell vector of ( 3720.00 pm | 3720.00 pm | 3720.00 pm ) for molecule recognition.

    Initialized spatial domain engine with 19 x 19 x 19 cells, min. diameter = 189 pm.

    Molecule recognition [###########################################################]

    1193 molecules found.

    Sorting atom types...
    Setting up bond lists...
    Building atom codes...
    Creating refined topological atom order...
      [############################################################] Done.
    Creating bond list...
    Creating angle list...
    Grouping together equivalent molecules...
    Found 11 unique molecule types.
    Sorting molecule types by molecular mass...
    Found 5 rings.
    Refining ring systems...
    Assigning ring systems to molecule types...
    Sorting rings by size...
    Molecule recognition finished.

Output of bond matrices:

*** Molecule 1: C6H9N4; Representant 1; Distances in pm ***
    (ring bonds are shown in green)

    C1  C2  C3  C4  C5  C6  H1  H2  H3  H4  H5  H6  H7  H8  H9  N1  N2  N3  N4 
C1  ***  -   -   -   -   -   -   -   -  107  -   -   -   -   -  136  -  132  -  
C2   -  ***  -   -   -   -   -   -   -   -  107  -   -   -   -   -  130  -  136 
C3   -   -  ***  -  141  -   -   -   -   -   -  105  -   -   -  137  -   -   -  
C4   -   -   -  ***  -  135  -   -   -   -   -   -  110  -   -   -  140  -   -  
C5   -   -  141  -  ***  -   -   -   -   -   -   -   -  111  -   -   -  139  -  
C6   -   -   -  135  -  ***  -   -   -   -   -   -   -   -  103  -   -   -  140 
H1   -   -   -   -   -   -  ***  -   -   -   -   -   -   -   -  125 129  -   -  
H2   -   -   -   -   -   -   -  ***  -   -   -   -   -   -   -   -   -  105  -  
H3   -   -   -   -   -   -   -   -  ***  -   -   -   -   -   -   -   -   -  110 
H4  107  -   -   -   -   -   -   -   -  ***  -   -   -   -   -   -   -   -   -  
H5   -  107  -   -   -   -   -   -   -   -  ***  -   -   -   -   -   -   -   -  
H6   -   -  105  -   -   -   -   -   -   -   -  ***  -   -   -   -   -   -   -  
H7   -   -   -  110  -   -   -   -   -   -   -   -  ***  -   -   -   -   -   -  
H8   -   -   -   -  111  -   -   -   -   -   -   -   -  ***  -   -   -   -   -  
H9   -   -   -   -   -  103  -   -   -   -   -   -   -   -  ***  -   -   -   -  
N1  136  -  137  -   -   -  125  -   -   -   -   -   -   -   -  ***  -   -   -  
N2   -  130  -  140  -   -  129  -   -   -   -   -   -   -   -   -  ***  -   -  
N3  132  -   -   -  139  -   -  105  -   -   -   -   -   -   -   -   -  ***  -  
N4   -  136  -   -   -  140  -   -  110  -   -   -   -   -   -   -   -   -  *** 

    5-ring: C4 - C6 - N4 - C2 - N2
    5-ring: C1 - N1 - C3 - C5 - N3

    Atoms C1, C2 are equivalent.
    Atoms C3, C4 are equivalent.
    Atoms C5, C6 are equivalent.
    Atoms H2, H3 are equivalent.
    Atoms H4, H5 are equivalent.
    Atoms H6, H7 are equivalent.
    Atoms H8, H9 are equivalent.
    Atoms N1, N2 are equivalent.
    Atoms N3, N4 are equivalent.

*** Molecule 2: C3H7N2O; Representant 1; Distances in pm ***
    (ring bonds are shown in green)

    C1  C2  C3  H1  H2  H3  H4  H5  H6  H7  N1  N2  O1 
C1  ***  -   -   -   -  105  -   -   -   -  134 134  -  
C2   -  *** 134  -   -   -  108  -   -   -  137  -   -  
C3   -  134 ***  -   -   -   -  112  -   -   -  140  -  
H1   -   -   -  ***  -   -   -   -   -   -  131  -  127 
H2   -   -   -   -  ***  -   -   -   -   -   -  105  -  
H3  105  -   -   -   -  ***  -   -   -   -   -   -   -  
H4   -  108  -   -   -   -  ***  -   -   -   -   -   -  
H5   -   -  112  -   -   -   -  ***  -   -   -   -   -  
H6   -   -   -   -   -   -   -   -  ***  -   -   -  100 
H7   -   -   -   -   -   -   -   -   -  ***  -   -  100 
N1  134 137  -  131  -   -   -   -   -   -  ***  -   -  
N2  134  -  140  -  105  -   -   -   -   -   -  ***  -  
O1   -   -   -  127  -   -   -   -  100 100  -   -  *** 

    5-ring: C1 - N2 - C3 - C2 - N1

    Atoms H6, H7 are equivalent.

*** Molecule 3: C2H6O3; Representant 1; Distances in pm ***

    C1  C2  H1  H2  H3  H4  H5  H6  O1  O2  O3 
C1  *** 148  -   -   -   -   -   -  132 126  -  
C2  148 ***  -   -   -  109 111 106  -   -   -  
H1   -   -  ***  -   -   -   -   -  116  -  124 
H2   -   -   -  ***  -   -   -   -   -   -  104 
H3   -   -   -   -  ***  -   -   -   -   -  105 
H4   -  109  -   -   -  ***  -   -   -   -   -  
H5   -  111  -   -   -   -  ***  -   -   -   -  
H6   -  106  -   -   -   -   -  ***  -   -   -  
O1  132  -  116  -   -   -   -   -  ***  -   -  
O2  126  -   -   -   -   -   -   -   -  ***  -  
O3   -   -  124 104 105  -   -   -   -   -  *** 

    Atoms H2, H3 are equivalent.
    Atoms H4, H5, H6 are equivalent.

*** Molecule 4: C3H5N2; Representant 1; Distances in pm ***
    (ring bonds are shown in green)

    C1  C2  C3  H1  H2  H3  H4  H5  N1  N2 
C1  ***  -   -   -   -  108  -   -  135 134 
C2   -  *** 135  -   -   -  105  -  134  -  
C3   -  135 ***  -   -   -   -  106  -  134 
H1   -   -   -  ***  -   -   -   -  103  -  
H2   -   -   -   -  ***  -   -   -   -  102 
H3  108  -   -   -   -  ***  -   -   -   -  
H4   -  105  -   -   -   -  ***  -   -   -  
H5   -   -  106  -   -   -   -  ***  -   -  
N1  135 134  -  103  -   -   -   -  ***  -  
N2  134  -  134  -  102  -   -   -   -  *** 

    5-ring: C1 - N2 - C3 - C2 - N1

    Atoms C2, C3 are equivalent.
    Atoms H1, H2 are equivalent.
    Atoms H4, H5 are equivalent.
    Atoms N1, N2 are equivalent.

*** Molecule 5: C3H4N2; Representant 1; Distances in pm ***
    (ring bonds are shown in green)

    C1  C2  C3  H1  H2  H3  H4  N1  N2 
C1  ***  -   -   -  106  -   -  132 134 
C2   -  *** 135  -   -  106  -  137  -  
C3   -  135 ***  -   -   -  109  -  136 
H1   -   -   -  ***  -   -   -  102  -  
H2  106  -   -   -  ***  -   -   -   -  
H3   -  106  -   -   -  ***  -   -   -  
H4   -   -  109  -   -   -  ***  -   -  
N1  132 137  -  102  -   -   -  ***  -  
N2  134  -  136  -   -   -   -   -  *** 

    5-ring: C1 - N2 - C3 - C2 - N1

*** Molecule 6: C2H4O2; Representant 1; Distances in pm ***

    C1  C2  H1  H2  H3  H4  O1  O2 
C1  *** 157  -   -   -   -  138 121 
C2  157 ***  -  115 108 103  -   -  
H1   -   -  ***  -   -   -  112  -  
H2   -  115  -  ***  -   -   -   -  
H3   -  108  -   -  ***  -   -   -  
H4   -  103  -   -   -  ***  -   -  
O1  138  -  112  -   -   -  ***  -  
O2  121  -   -   -   -   -   -  *** 

    Atoms H2, H3, H4 are equivalent.

*** Molecule 7: C2H3O2; Representant 1; Distances in pm ***

    C1  C2  H1  H2  H3  O1  O2 
C1  *** 146  -   -   -  130 126 
C2  146 *** 107 106 107  -   -  
H1   -  107 ***  -   -   -   -  
H2   -  106  -  ***  -   -   -  
H3   -  107  -   -  ***  -   -  
O1  130  -   -   -   -  ***  -  
O2  126  -   -   -   -   -  *** 

    Atoms H1, H2, H3 are equivalent.
    Atoms O1, O2 are equivalent.

*** Molecule 8: H4O2; Representant 1; Distances in pm ***

    H1  H2  H3  H4  O1  O2 
H1  ***  -   -   -  124 107 
H2   -  ***  -   -   98  -  
H3   -   -  ***  -  102  -  
H4   -   -   -  ***  -   98 
O1  124  98 102  -  ***  -  
O2  107  -   -   98  -  *** 

    Atoms H2, H3 are equivalent.

*** Molecule 9: H3O2; Representant 1; Distances in pm ***

    H1  H2  H3  O1  O2 
H1  ***  -   -  123 120 
H2   -  ***  -  100  -  
H3   -   -  ***  -   96 
O1  123 100  -  ***  -  
O2  120  -   96  -  *** 

    Atoms H2, H3 are equivalent.
    Atoms O1, O2 are equivalent.

*** Molecule 10: H3O; Representant 1; Distances in pm ***

    H1  H2  H3  O1 
H1  ***  -   -  104 
H2   -  ***  -  104 
H3   -   -  *** 100 
O1  104 104 100 *** 

    Atoms H1, H2, H3 are equivalent.

*** Molecule 11: H2O; Representant 1; Distances in pm ***

    H1  H2  O1 
H1  ***  -   97 
H2   -  *** 103 
O1   97 103 *** 

    Atoms H1, H2 are equivalent.


*** The following 11 kinds of molecules have been recognized:
    (ordered by molecular mass)

  - Molecule 1:  C6H9N4 (1 piece, 137.16 g/mol)
      (10 noneq. atoms, 10 noneq. bonds, 16 noneq. angles)
      Concentration:   0.032257 mol/liter
      Detected 2 rings:
         1.)  5-ring: C4 - C6 - N4 - C2 - N2
         2.)  5-ring: C1 - N1 - C3 - C5 - N3

  - Molecule 2:  C3H7N2O (2 pieces, 87.10 g/mol)
      (12 noneq. atoms, 12 noneq. bonds, 18 noneq. angles)
      Concentration:   0.064513 mol/liter
      Detected 1 ring:
         1.)  5-ring: C1 - N2 - C3 - C2 - N1

  - Molecule 3:  C2H6O3 (2 pieces, 78.07 g/mol)
      (8 noneq. atoms, 7 noneq. bonds, 9 noneq. angles)
      Concentration:   0.064513 mol/liter

  - Molecule 4:  C3H5N2 (13 pieces, 69.09 g/mol)
      (6 noneq. atoms, 6 noneq. bonds, 8 noneq. angles)
      Concentration:   0.419337 mol/liter
      Detected 1 ring:
         1.)  5-ring: C1 - N2 - C3 - C2 - N1

  - Molecule 5:  C3H4N2 (83 pieces, 68.08 g/mol)
      (9 noneq. atoms, 9 noneq. bonds, 13 noneq. angles)
      Concentration:   2.677308 mol/liter
      Detected 1 ring:
         1.)  5-ring: C1 - N2 - C3 - C2 - N1

  - Molecule 6:  C2H4O2 (82 pieces, 60.05 g/mol)
      (6 noneq. atoms, 5 noneq. bonds, 6 noneq. angles)
      Concentration:   2.645051 mol/liter

  - Molecule 7:  C2H3O2 (16 pieces, 59.04 g/mol)
      (4 noneq. atoms, 3 noneq. bonds, 4 noneq. angles)
      Concentration:   0.516108 mol/liter

  - Molecule 8:  H4O2 (1 piece, 36.03 g/mol)
      (5 noneq. atoms, 4 noneq. bonds, 4 noneq. angles)
      Concentration:   0.032257 mol/liter

  - Molecule 9:  H3O2 (1 piece, 35.02 g/mol)
      (3 noneq. atoms, 2 noneq. bonds, 2 noneq. angles)
      Concentration:   0.032257 mol/liter

  - Molecule 10:  H3O (1 piece, 19.02 g/mol)
      (2 noneq. atoms, 1 noneq. bond, 1 noneq. angle)
      Concentration:   0.032257 mol/liter

  - Molecule 11:  H2O (991 pieces, 18.02 g/mol)
      (2 noneq. atoms, 1 noneq. bond, 1 noneq. angle)
      Concentration:  31.966414 mol/liter


    If you switch on "USE_OPENBABEL" in config.h, TRAVIS can print SMILES strings of your molecules.

    You can create images of the structural formulas with the atom labels for easier
    identification of the atoms (requires installed GraphViz package - see www.graphviz.org).

    Create images of the structural formulas (y/n)? [no] n

    Accept these molecules (y) or change something (n)? [yes] n

    If you want some atom types to form no bonds at all, assign covalent radius 0 to them.

    *** Modify Molecules ***

    Your choices:

    1.) Change covalent atom radii used for bond recognition
    2.) Break specific bonds
    3.) Rename elements
    4.) Split molecule type into two types
    5.) Add bonds / add solvation shell to molecule

    Please select: [done] 2

    Break bonds in which molecule (1-11)? 11
    Break all bonds within this molecule (y/n)? [no] n
    Enter 1st atom of the bond to break (e.g. C1): O1
    Enter 2nd atom of the bond to break (e.g. C2): H1

    Break another bond (y/n)? [no] n


    *** Modify Molecules ***

    Your choices:

    1.) Change covalent atom radii used for bond recognition
    2.) Break specific bonds
    3.) Rename elements
    4.) Split molecule type into two types
    5.) Add bonds / add solvation shell to molecule

    Please select: [done] <RETURN>

    Going back to molecule recognition with changed settings.


    NPT: Using a cell vector of ( 3720.00 pm | 3720.00 pm | 3720.00 pm ) for molecule recognition.

    Initialized spatial domain engine with 19 x 19 x 19 cells, min. diameter = 189 pm.

    Molecule recognition [###########################################################]

    2184 molecules found.

    Sorting atom types...
    991 bonds have been broken.
    Setting up bond lists...
    Building atom codes...
    Creating refined topological atom order...
      [############################################################] Done.
    Creating bond list...
    Creating angle list...
    Grouping together equivalent molecules...
    Found 12 unique molecule types.
    Sorting molecule types by molecular mass...
    Found 5 rings.
    Refining ring systems...
    Assigning ring systems to molecule types...
    Sorting rings by size...
    Molecule recognition finished.

Output of bond matrices:

*** Molecule 1: C6H9N4; Representant 1; Distances in pm ***
    (ring bonds are shown in green)

    C1  C2  C3  C4  C5  C6  H1  H2  H3  H4  H5  H6  H7  H8  H9  N1  N2  N3  N4 
C1  ***  -   -   -   -   -   -   -   -  107  -   -   -   -   -  136  -  132  -  
C2   -  ***  -   -   -   -   -   -   -   -  107  -   -   -   -   -  130  -  136 
C3   -   -  ***  -  141  -   -   -   -   -   -  105  -   -   -  137  -   -   -  
C4   -   -   -  ***  -  135  -   -   -   -   -   -  110  -   -   -  140  -   -  
C5   -   -  141  -  ***  -   -   -   -   -   -   -   -  111  -   -   -  139  -  
C6   -   -   -  135  -  ***  -   -   -   -   -   -   -   -  103  -   -   -  140 
H1   -   -   -   -   -   -  ***  -   -   -   -   -   -   -   -  125 129  -   -  
H2   -   -   -   -   -   -   -  ***  -   -   -   -   -   -   -   -   -  105  -  
H3   -   -   -   -   -   -   -   -  ***  -   -   -   -   -   -   -   -   -  110 
H4  107  -   -   -   -   -   -   -   -  ***  -   -   -   -   -   -   -   -   -  
H5   -  107  -   -   -   -   -   -   -   -  ***  -   -   -   -   -   -   -   -  
H6   -   -  105  -   -   -   -   -   -   -   -  ***  -   -   -   -   -   -   -  
H7   -   -   -  110  -   -   -   -   -   -   -   -  ***  -   -   -   -   -   -  
H8   -   -   -   -  111  -   -   -   -   -   -   -   -  ***  -   -   -   -   -  
H9   -   -   -   -   -  103  -   -   -   -   -   -   -   -  ***  -   -   -   -  
N1  136  -  137  -   -   -  125  -   -   -   -   -   -   -   -  ***  -   -   -  
N2   -  130  -  140  -   -  129  -   -   -   -   -   -   -   -   -  ***  -   -  
N3  132  -   -   -  139  -   -  105  -   -   -   -   -   -   -   -   -  ***  -  
N4   -  136  -   -   -  140  -   -  110  -   -   -   -   -   -   -   -   -  *** 

    5-ring: C4 - C6 - N4 - C2 - N2
    5-ring: C1 - N1 - C3 - C5 - N3

    Atoms C1, C2 are equivalent.
    Atoms C3, C4 are equivalent.
    Atoms C5, C6 are equivalent.
    Atoms H2, H3 are equivalent.
    Atoms H4, H5 are equivalent.
    Atoms H6, H7 are equivalent.
    Atoms H8, H9 are equivalent.
    Atoms N1, N2 are equivalent.
    Atoms N3, N4 are equivalent.

*** Molecule 2: C3H7N2O; Representant 1; Distances in pm ***
    (ring bonds are shown in green)

    C1  C2  C3  H1  H2  H3  H4  H5  H6  H7  N1  N2  O1 
C1  ***  -   -   -   -  105  -   -   -   -  134 134  -  
C2   -  *** 134  -   -   -  108  -   -   -  137  -   -  
C3   -  134 ***  -   -   -   -  112  -   -   -  140  -  
H1   -   -   -  ***  -   -   -   -   -   -  131  -  127 
H2   -   -   -   -  ***  -   -   -   -   -   -  105  -  
H3  105  -   -   -   -  ***  -   -   -   -   -   -   -  
H4   -  108  -   -   -   -  ***  -   -   -   -   -   -  
H5   -   -  112  -   -   -   -  ***  -   -   -   -   -  
H6   -   -   -   -   -   -   -   -  ***  -   -   -  100 
H7   -   -   -   -   -   -   -   -   -  ***  -   -  100 
N1  134 137  -  131  -   -   -   -   -   -  ***  -   -  
N2  134  -  140  -  105  -   -   -   -   -   -  ***  -  
O1   -   -   -  127  -   -   -   -  100 100  -   -  *** 

    5-ring: C1 - N2 - C3 - C2 - N1

    Atoms H6, H7 are equivalent.

*** Molecule 3: C2H6O3; Representant 1; Distances in pm ***

    C1  C2  H1  H2  H3  H4  H5  H6  O1  O2  O3 
C1  *** 148  -   -   -   -   -   -  132 126  -  
C2  148 ***  -   -   -  109 111 106  -   -   -  
H1   -   -  ***  -   -   -   -   -  116  -  124 
H2   -   -   -  ***  -   -   -   -   -   -  104 
H3   -   -   -   -  ***  -   -   -   -   -  105 
H4   -  109  -   -   -  ***  -   -   -   -   -  
H5   -  111  -   -   -   -  ***  -   -   -   -  
H6   -  106  -   -   -   -   -  ***  -   -   -  
O1  132  -  116  -   -   -   -   -  ***  -   -  
O2  126  -   -   -   -   -   -   -   -  ***  -  
O3   -   -  124 104 105  -   -   -   -   -  *** 

    Atoms H2, H3 are equivalent.
    Atoms H4, H5, H6 are equivalent.

*** Molecule 4: C3H5N2; Representant 1; Distances in pm ***
    (ring bonds are shown in green)

    C1  C2  C3  H1  H2  H3  H4  H5  N1  N2 
C1  ***  -   -   -   -  108  -   -  135 134 
C2   -  *** 135  -   -   -  105  -  134  -  
C3   -  135 ***  -   -   -   -  106  -  134 
H1   -   -   -  ***  -   -   -   -  103  -  
H2   -   -   -   -  ***  -   -   -   -  102 
H3  108  -   -   -   -  ***  -   -   -   -  
H4   -  105  -   -   -   -  ***  -   -   -  
H5   -   -  106  -   -   -   -  ***  -   -  
N1  135 134  -  103  -   -   -   -  ***  -  
N2  134  -  134  -  102  -   -   -   -  *** 

    5-ring: C1 - N2 - C3 - C2 - N1

    Atoms C2, C3 are equivalent.
    Atoms H1, H2 are equivalent.
    Atoms H4, H5 are equivalent.
    Atoms N1, N2 are equivalent.

*** Molecule 5: C3H4N2; Representant 1; Distances in pm ***
    (ring bonds are shown in green)

    C1  C2  C3  H1  H2  H3  H4  N1  N2 
C1  ***  -   -   -  106  -   -  132 134 
C2   -  *** 135  -   -  106  -  137  -  
C3   -  135 ***  -   -   -  109  -  136 
H1   -   -   -  ***  -   -   -  102  -  
H2  106  -   -   -  ***  -   -   -   -  
H3   -  106  -   -   -  ***  -   -   -  
H4   -   -  109  -   -   -  ***  -   -  
N1  132 137  -  102  -   -   -  ***  -  
N2  134  -  136  -   -   -   -   -  *** 

    5-ring: C1 - N2 - C3 - C2 - N1

*** Molecule 6: C2H4O2; Representant 1; Distances in pm ***

    C1  C2  H1  H2  H3  H4  O1  O2 
C1  *** 157  -   -   -   -  138 121 
C2  157 ***  -  115 108 103  -   -  
H1   -   -  ***  -   -   -  112  -  
H2   -  115  -  ***  -   -   -   -  
H3   -  108  -   -  ***  -   -   -  
H4   -  103  -   -   -  ***  -   -  
O1  138  -  112  -   -   -  ***  -  
O2  121  -   -   -   -   -   -  *** 

    Atoms H2, H3, H4 are equivalent.

*** Molecule 7: C2H3O2; Representant 1; Distances in pm ***

    C1  C2  H1  H2  H3  O1  O2 
C1  *** 146  -   -   -  130 126 
C2  146 *** 107 106 107  -   -  
H1   -  107 ***  -   -   -   -  
H2   -  106  -  ***  -   -   -  
H3   -  107  -   -  ***  -   -  
O1  130  -   -   -   -  ***  -  
O2  126  -   -   -   -   -  *** 

    Atoms H1, H2, H3 are equivalent.
    Atoms O1, O2 are equivalent.

*** Molecule 8: H4O2; Representant 1; Distances in pm ***

    H1  H2  H3  H4  O1  O2 
H1  ***  -   -   -  124 107 
H2   -  ***  -   -   98  -  
H3   -   -  ***  -  102  -  
H4   -   -   -  ***  -   98 
O1  124  98 102  -  ***  -  
O2  107  -   -   98  -  *** 

    Atoms H2, H3 are equivalent.

*** Molecule 9: H3O2; Representant 1; Distances in pm ***

    H1  H2  H3  O1  O2 
H1  ***  -   -  123 120 
H2   -  ***  -  100  -  
H3   -   -  ***  -   96 
O1  123 100  -  ***  -  
O2  120  -   96  -  *** 

    Atoms H2, H3 are equivalent.
    Atoms O1, O2 are equivalent.

*** Molecule 10: H3O; Representant 1; Distances in pm ***

    H1  H2  H3  O1 
H1  ***  -   -  104 
H2   -  ***  -  104 
H3   -   -  *** 100 
O1  104 104 100 *** 

    Atoms H1, H2, H3 are equivalent.

*** Molecule 11: HO; Representant 1; Distances in pm ***

    H1  O1 
H1  *** 103 
O1  103 *** 

*** Molecule 12: H; Representant 1; Distances in pm ***
[only 1 Atom]


*** The following 12 kinds of molecules have been recognized:
    (ordered by molecular mass)

  - Molecule 1:  C6H9N4 (1 piece, 137.16 g/mol)
      (10 noneq. atoms, 10 noneq. bonds, 16 noneq. angles)
      Concentration:   0.032257 mol/liter
      Detected 2 rings:
         1.)  5-ring: C4 - C6 - N4 - C2 - N2
         2.)  5-ring: C1 - N1 - C3 - C5 - N3

  - Molecule 2:  C3H7N2O (2 pieces, 87.10 g/mol)
      (12 noneq. atoms, 12 noneq. bonds, 18 noneq. angles)
      Concentration:   0.064513 mol/liter
      Detected 1 ring:
         1.)  5-ring: C1 - N2 - C3 - C2 - N1

  - Molecule 3:  C2H6O3 (2 pieces, 78.07 g/mol)
      (8 noneq. atoms, 7 noneq. bonds, 9 noneq. angles)
      Concentration:   0.064513 mol/liter

  - Molecule 4:  C3H5N2 (13 pieces, 69.09 g/mol)
      (6 noneq. atoms, 6 noneq. bonds, 8 noneq. angles)
      Concentration:   0.419337 mol/liter
      Detected 1 ring:
         1.)  5-ring: C1 - N2 - C3 - C2 - N1

  - Molecule 5:  C3H4N2 (83 pieces, 68.08 g/mol)
      (9 noneq. atoms, 9 noneq. bonds, 13 noneq. angles)
      Concentration:   2.677308 mol/liter
      Detected 1 ring:
         1.)  5-ring: C1 - N2 - C3 - C2 - N1

  - Molecule 6:  C2H4O2 (82 pieces, 60.05 g/mol)
      (6 noneq. atoms, 5 noneq. bonds, 6 noneq. angles)
      Concentration:   2.645051 mol/liter

  - Molecule 7:  C2H3O2 (16 pieces, 59.04 g/mol)
      (4 noneq. atoms, 3 noneq. bonds, 4 noneq. angles)
      Concentration:   0.516108 mol/liter

  - Molecule 8:  H4O2 (1 piece, 36.03 g/mol)
      (5 noneq. atoms, 4 noneq. bonds, 4 noneq. angles)
      Concentration:   0.032257 mol/liter

  - Molecule 9:  H3O2 (1 piece, 35.02 g/mol)
      (3 noneq. atoms, 2 noneq. bonds, 2 noneq. angles)
      Concentration:   0.032257 mol/liter

  - Molecule 10:  H3O (1 piece, 19.02 g/mol)
      (2 noneq. atoms, 1 noneq. bond, 1 noneq. angle)
      Concentration:   0.032257 mol/liter

  - Molecule 11:  HO (991 pieces, 17.01 g/mol)
      (2 noneq. atoms, 1 noneq. bond, 0 noneq. angles)
      Concentration:  31.966414 mol/liter

  - Molecule 12:  H (991 pieces, 1.01 g/mol)
      (1 noneq. atom, 0 noneq. bonds, 0 noneq. angles)
      Concentration:  31.966414 mol/liter


    If you switch on "USE_OPENBABEL" in config.h, TRAVIS can print SMILES strings of your molecules.

    You can create images of the structural formulas with the atom labels for easier
    identification of the atoms (requires installed GraphViz package - see www.graphviz.org).

    Create images of the structural formulas (y/n)? [no] n

    Accept these molecules (y) or change something (n)? [yes] n

    If you want some atom types to form no bonds at all, assign covalent radius 0 to them.

    *** Modify Molecules ***

    Your choices:

    1.) Change covalent atom radii used for bond recognition
    2.) Break specific bonds
    3.) Rename elements
    4.) Split molecule type into two types
    5.) Add bonds / add solvation shell to molecule

    Please select: [done] 2

    Break bonds in which molecule (1-12)? 11
    Break all bonds within this molecule (y/n)? [no] y

    Break another bond (y/n)? [no] n


    *** Modify Molecules ***

    Your choices:

    1.) Change covalent atom radii used for bond recognition
    2.) Break specific bonds
    3.) Rename elements
    4.) Split molecule type into two types
    5.) Add bonds / add solvation shell to molecule

    Please select: [done] <RETURN>

    Going back to molecule recognition with changed settings.


    NPT: Using a cell vector of ( 3720.00 pm | 3720.00 pm | 3720.00 pm ) for molecule recognition.

    Initialized spatial domain engine with 19 x 19 x 19 cells, min. diameter = 189 pm.

    Molecule recognition [###########################################################]

    3175 molecules found.

    Sorting atom types...
    1982 bonds have been broken.
    Setting up bond lists...
    Building atom codes...
    Creating refined topological atom order...
      [############################################################] Done.
    Creating bond list...
    Creating angle list...
    Grouping together equivalent molecules...
    Found 12 unique molecule types.
    Sorting molecule types by molecular mass...
    Found 5 rings.
    Refining ring systems...
    Assigning ring systems to molecule types...
    Sorting rings by size...
    Molecule recognition finished.

Output of bond matrices:

*** Molecule 1: C6H9N4; Representant 1; Distances in pm ***
    (ring bonds are shown in green)

    C1  C2  C3  C4  C5  C6  H1  H2  H3  H4  H5  H6  H7  H8  H9  N1  N2  N3  N4 
C1  ***  -   -   -   -   -   -   -   -  107  -   -   -   -   -  136  -  132  -  
C2   -  ***  -   -   -   -   -   -   -   -  107  -   -   -   -   -  130  -  136 
C3   -   -  ***  -  141  -   -   -   -   -   -  105  -   -   -  137  -   -   -  
C4   -   -   -  ***  -  135  -   -   -   -   -   -  110  -   -   -  140  -   -  
C5   -   -  141  -  ***  -   -   -   -   -   -   -   -  111  -   -   -  139  -  
C6   -   -   -  135  -  ***  -   -   -   -   -   -   -   -  103  -   -   -  140 
H1   -   -   -   -   -   -  ***  -   -   -   -   -   -   -   -  125 129  -   -  
H2   -   -   -   -   -   -   -  ***  -   -   -   -   -   -   -   -   -  105  -  
H3   -   -   -   -   -   -   -   -  ***  -   -   -   -   -   -   -   -   -  110 
H4  107  -   -   -   -   -   -   -   -  ***  -   -   -   -   -   -   -   -   -  
H5   -  107  -   -   -   -   -   -   -   -  ***  -   -   -   -   -   -   -   -  
H6   -   -  105  -   -   -   -   -   -   -   -  ***  -   -   -   -   -   -   -  
H7   -   -   -  110  -   -   -   -   -   -   -   -  ***  -   -   -   -   -   -  
H8   -   -   -   -  111  -   -   -   -   -   -   -   -  ***  -   -   -   -   -  
H9   -   -   -   -   -  103  -   -   -   -   -   -   -   -  ***  -   -   -   -  
N1  136  -  137  -   -   -  125  -   -   -   -   -   -   -   -  ***  -   -   -  
N2   -  130  -  140  -   -  129  -   -   -   -   -   -   -   -   -  ***  -   -  
N3  132  -   -   -  139  -   -  105  -   -   -   -   -   -   -   -   -  ***  -  
N4   -  136  -   -   -  140  -   -  110  -   -   -   -   -   -   -   -   -  *** 

    5-ring: C4 - C6 - N4 - C2 - N2
    5-ring: C1 - N1 - C3 - C5 - N3

    Atoms C1, C2 are equivalent.
    Atoms C3, C4 are equivalent.
    Atoms C5, C6 are equivalent.
    Atoms H2, H3 are equivalent.
    Atoms H4, H5 are equivalent.
    Atoms H6, H7 are equivalent.
    Atoms H8, H9 are equivalent.
    Atoms N1, N2 are equivalent.
    Atoms N3, N4 are equivalent.

*** Molecule 2: C3H7N2O; Representant 1; Distances in pm ***
    (ring bonds are shown in green)

    C1  C2  C3  H1  H2  H3  H4  H5  H6  H7  N1  N2  O1 
C1  ***  -   -   -   -  105  -   -   -   -  134 134  -  
C2   -  *** 134  -   -   -  108  -   -   -  137  -   -  
C3   -  134 ***  -   -   -   -  112  -   -   -  140  -  
H1   -   -   -  ***  -   -   -   -   -   -  131  -  127 
H2   -   -   -   -  ***  -   -   -   -   -   -  105  -  
H3  105  -   -   -   -  ***  -   -   -   -   -   -   -  
H4   -  108  -   -   -   -  ***  -   -   -   -   -   -  
H5   -   -  112  -   -   -   -  ***  -   -   -   -   -  
H6   -   -   -   -   -   -   -   -  ***  -   -   -  100 
H7   -   -   -   -   -   -   -   -   -  ***  -   -  100 
N1  134 137  -  131  -   -   -   -   -   -  ***  -   -  
N2  134  -  140  -  105  -   -   -   -   -   -  ***  -  
O1   -   -   -  127  -   -   -   -  100 100  -   -  *** 

    5-ring: C1 - N2 - C3 - C2 - N1

    Atoms H6, H7 are equivalent.

*** Molecule 3: C2H6O3; Representant 1; Distances in pm ***

    C1  C2  H1  H2  H3  H4  H5  H6  O1  O2  O3 
C1  *** 148  -   -   -   -   -   -  132 126  -  
C2  148 ***  -   -   -  109 111 106  -   -   -  
H1   -   -  ***  -   -   -   -   -  116  -  124 
H2   -   -   -  ***  -   -   -   -   -   -  104 
H3   -   -   -   -  ***  -   -   -   -   -  105 
H4   -  109  -   -   -  ***  -   -   -   -   -  
H5   -  111  -   -   -   -  ***  -   -   -   -  
H6   -  106  -   -   -   -   -  ***  -   -   -  
O1  132  -  116  -   -   -   -   -  ***  -   -  
O2  126  -   -   -   -   -   -   -   -  ***  -  
O3   -   -  124 104 105  -   -   -   -   -  *** 

    Atoms H2, H3 are equivalent.
    Atoms H4, H5, H6 are equivalent.

*** Molecule 4: C3H5N2; Representant 1; Distances in pm ***
    (ring bonds are shown in green)

    C1  C2  C3  H1  H2  H3  H4  H5  N1  N2 
C1  ***  -   -   -   -  108  -   -  135 134 
C2   -  *** 135  -   -   -  105  -  134  -  
C3   -  135 ***  -   -   -   -  106  -  134 
H1   -   -   -  ***  -   -   -   -  103  -  
H2   -   -   -   -  ***  -   -   -   -  102 
H3  108  -   -   -   -  ***  -   -   -   -  
H4   -  105  -   -   -   -  ***  -   -   -  
H5   -   -  106  -   -   -   -  ***  -   -  
N1  135 134  -  103  -   -   -   -  ***  -  
N2  134  -  134  -  102  -   -   -   -  *** 

    5-ring: C1 - N2 - C3 - C2 - N1

    Atoms C2, C3 are equivalent.
    Atoms H1, H2 are equivalent.
    Atoms H4, H5 are equivalent.
    Atoms N1, N2 are equivalent.

*** Molecule 5: C3H4N2; Representant 1; Distances in pm ***
    (ring bonds are shown in green)

    C1  C2  C3  H1  H2  H3  H4  N1  N2 
C1  ***  -   -   -  106  -   -  132 134 
C2   -  *** 135  -   -  106  -  137  -  
C3   -  135 ***  -   -   -  109  -  136 
H1   -   -   -  ***  -   -   -  102  -  
H2  106  -   -   -  ***  -   -   -   -  
H3   -  106  -   -   -  ***  -   -   -  
H4   -   -  109  -   -   -  ***  -   -  
N1  132 137  -  102  -   -   -  ***  -  
N2  134  -  136  -   -   -   -   -  *** 

    5-ring: C1 - N2 - C3 - C2 - N1

*** Molecule 6: C2H4O2; Representant 1; Distances in pm ***

    C1  C2  H1  H2  H3  H4  O1  O2 
C1  *** 157  -   -   -   -  138 121 
C2  157 ***  -  115 108 103  -   -  
H1   -   -  ***  -   -   -  112  -  
H2   -  115  -  ***  -   -   -   -  
H3   -  108  -   -  ***  -   -   -  
H4   -  103  -   -   -  ***  -   -  
O1  138  -  112  -   -   -  ***  -  
O2  121  -   -   -   -   -   -  *** 

    Atoms H2, H3, H4 are equivalent.

*** Molecule 7: C2H3O2; Representant 1; Distances in pm ***

    C1  C2  H1  H2  H3  O1  O2 
C1  *** 146  -   -   -  130 126 
C2  146 *** 107 106 107  -   -  
H1   -  107 ***  -   -   -   -  
H2   -  106  -  ***  -   -   -  
H3   -  107  -   -  ***  -   -  
O1  130  -   -   -   -  ***  -  
O2  126  -   -   -   -   -  *** 

    Atoms H1, H2, H3 are equivalent.
    Atoms O1, O2 are equivalent.

*** Molecule 8: H4O2; Representant 1; Distances in pm ***

    H1  H2  H3  H4  O1  O2 
H1  ***  -   -   -  124 107 
H2   -  ***  -   -   98  -  
H3   -   -  ***  -  102  -  
H4   -   -   -  ***  -   98 
O1  124  98 102  -  ***  -  
O2  107  -   -   98  -  *** 

    Atoms H2, H3 are equivalent.

*** Molecule 9: H3O2; Representant 1; Distances in pm ***

    H1  H2  H3  O1  O2 
H1  ***  -   -  123 120 
H2   -  ***  -  100  -  
H3   -   -  ***  -   96 
O1  123 100  -  ***  -  
O2  120  -   96  -  *** 

    Atoms H2, H3 are equivalent.
    Atoms O1, O2 are equivalent.

*** Molecule 10: H3O; Representant 1; Distances in pm ***

    H1  H2  H3  O1 
H1  ***  -   -  104 
H2   -  ***  -  104 
H3   -   -  *** 100 
O1  104 104 100 *** 

    Atoms H1, H2, H3 are equivalent.

*** Molecule 11: O; Representant 1; Distances in pm ***
[only 1 Atom]

*** Molecule 12: H; Representant 1; Distances in pm ***
[only 1 Atom]


*** The following 12 kinds of molecules have been recognized:
    (ordered by molecular mass)

  - Molecule 1:  C6H9N4 (1 piece, 137.16 g/mol)
      (10 noneq. atoms, 10 noneq. bonds, 16 noneq. angles)
      Concentration:   0.032257 mol/liter
      Detected 2 rings:
         1.)  5-ring: C4 - C6 - N4 - C2 - N2
         2.)  5-ring: C1 - N1 - C3 - C5 - N3

  - Molecule 2:  C3H7N2O (2 pieces, 87.10 g/mol)
      (12 noneq. atoms, 12 noneq. bonds, 18 noneq. angles)
      Concentration:   0.064513 mol/liter
      Detected 1 ring:
         1.)  5-ring: C1 - N2 - C3 - C2 - N1

  - Molecule 3:  C2H6O3 (2 pieces, 78.07 g/mol)
      (8 noneq. atoms, 7 noneq. bonds, 9 noneq. angles)
      Concentration:   0.064513 mol/liter

  - Molecule 4:  C3H5N2 (13 pieces, 69.09 g/mol)
      (6 noneq. atoms, 6 noneq. bonds, 8 noneq. angles)
      Concentration:   0.419337 mol/liter
      Detected 1 ring:
         1.)  5-ring: C1 - N2 - C3 - C2 - N1

  - Molecule 5:  C3H4N2 (83 pieces, 68.08 g/mol)
      (9 noneq. atoms, 9 noneq. bonds, 13 noneq. angles)
      Concentration:   2.677308 mol/liter
      Detected 1 ring:
         1.)  5-ring: C1 - N2 - C3 - C2 - N1

  - Molecule 6:  C2H4O2 (82 pieces, 60.05 g/mol)
      (6 noneq. atoms, 5 noneq. bonds, 6 noneq. angles)
      Concentration:   2.645051 mol/liter

  - Molecule 7:  C2H3O2 (16 pieces, 59.04 g/mol)
      (4 noneq. atoms, 3 noneq. bonds, 4 noneq. angles)
      Concentration:   0.516108 mol/liter

  - Molecule 8:  H4O2 (1 piece, 36.03 g/mol)
      (5 noneq. atoms, 4 noneq. bonds, 4 noneq. angles)
      Concentration:   0.032257 mol/liter

  - Molecule 9:  H3O2 (1 piece, 35.02 g/mol)
      (3 noneq. atoms, 2 noneq. bonds, 2 noneq. angles)
      Concentration:   0.032257 mol/liter

  - Molecule 10:  H3O (1 piece, 19.02 g/mol)
      (2 noneq. atoms, 1 noneq. bond, 1 noneq. angle)
      Concentration:   0.032257 mol/liter

  - Molecule 11:  O (991 pieces, 16.00 g/mol)
      (1 noneq. atom, 0 noneq. bonds, 0 noneq. angles)
      Concentration:  31.966414 mol/liter

  - Molecule 12:  H (1982 pieces, 1.01 g/mol)
      (1 noneq. atom, 0 noneq. bonds, 0 noneq. angles)
      Concentration:  63.932829 mol/liter


    If you switch on "USE_OPENBABEL" in config.h, TRAVIS can print SMILES strings of your molecules.

    You can create images of the structural formulas with the atom labels for easier
    identification of the atoms (requires installed GraphViz package - see www.graphviz.org).

    Create images of the structural formulas (y/n)? [no] n

    Accept these molecules (y) or change something (n)? [yes] n

    If you want some atom types to form no bonds at all, assign covalent radius 0 to them.

    *** Modify Molecules ***

    Your choices:

    1.) Change covalent atom radii used for bond recognition
    2.) Break specific bonds
    3.) Rename elements
    4.) Split molecule type into two types
    5.) Add bonds / add solvation shell to molecule

    Please select: [done] 2

    Break bonds in which molecule (1-12)? 6
    Break all bonds within this molecule (y/n)? [no] n
    Enter 1st atom of the bond to break (e.g. C1): O1
    Enter 2nd atom of the bond to break (e.g. C2): H1

    Break another bond (y/n)? [no] y

    Break bonds in which molecule (1-12)? 5
    Break all bonds within this molecule (y/n)? [no] n
    Enter 1st atom of the bond to break (e.g. C1): N1
    Enter 2nd atom of the bond to break (e.g. C2): H1

    Break another bond (y/n)? [no] y

    Break bonds in which molecule (1-12)? 4
    Break all bonds within this molecule (y/n)? [no] n
    Enter 1st atom of the bond to break (e.g. C1): N1
    Enter 2nd atom of the bond to break (e.g. C2): H1

    Break another bond (y/n)? [no] n


    *** Modify Molecules ***

    Your choices:

    1.) Change covalent atom radii used for bond recognition
    2.) Break specific bonds
    3.) Rename elements
    4.) Split molecule type into two types
    5.) Add bonds / add solvation shell to molecule

    Please select: [done] <RETURN>

    Going back to molecule recognition with changed settings.


    NPT: Using a cell vector of ( 3720.00 pm | 3720.00 pm | 3720.00 pm ) for molecule recognition.

    Initialized spatial domain engine with 19 x 19 x 19 cells, min. diameter = 189 pm.

    Molecule recognition [###########################################################]

    3353 molecules found.

    Sorting atom types...
    2160 bonds have been broken.
    Setting up bond lists...
    Building atom codes...
    Creating refined topological atom order...
      [############################################################] Done.
    Creating bond list...
    Creating angle list...
    Grouping together equivalent molecules...
    Found 11 unique molecule types.
    Sorting molecule types by molecular mass...
    Found 6 rings.
    Refining ring systems...
    Assigning ring systems to molecule types...
    Sorting rings by size...
    Molecule recognition finished.

Output of bond matrices:

*** Molecule 1: C6H9N4; Representant 1; Distances in pm ***
    (ring bonds are shown in green)

    C1  C2  C3  C4  C5  C6  H1  H2  H3  H4  H5  H6  H7  H8  H9  N1  N2  N3  N4 
C1  ***  -   -   -   -   -   -   -   -  107  -   -   -   -   -  136  -  132  -  
C2   -  ***  -   -   -   -   -   -   -   -  107  -   -   -   -   -  130  -  136 
C3   -   -  ***  -  141  -   -   -   -   -   -  105  -   -   -  137  -   -   -  
C4   -   -   -  ***  -  135  -   -   -   -   -   -  110  -   -   -  140  -   -  
C5   -   -  141  -  ***  -   -   -   -   -   -   -   -  111  -   -   -  139  -  
C6   -   -   -  135  -  ***  -   -   -   -   -   -   -   -  103  -   -   -  140 
H1   -   -   -   -   -   -  ***  -   -   -   -   -   -   -   -  125 129  -   -  
H2   -   -   -   -   -   -   -  ***  -   -   -   -   -   -   -   -   -  105  -  
H3   -   -   -   -   -   -   -   -  ***  -   -   -   -   -   -   -   -   -  110 
H4  107  -   -   -   -   -   -   -   -  ***  -   -   -   -   -   -   -   -   -  
H5   -  107  -   -   -   -   -   -   -   -  ***  -   -   -   -   -   -   -   -  
H6   -   -  105  -   -   -   -   -   -   -   -  ***  -   -   -   -   -   -   -  
H7   -   -   -  110  -   -   -   -   -   -   -   -  ***  -   -   -   -   -   -  
H8   -   -   -   -  111  -   -   -   -   -   -   -   -  ***  -   -   -   -   -  
H9   -   -   -   -   -  103  -   -   -   -   -   -   -   -  ***  -   -   -   -  
N1  136  -  137  -   -   -  125  -   -   -   -   -   -   -   -  ***  -   -   -  
N2   -  130  -  140  -   -  129  -   -   -   -   -   -   -   -   -  ***  -   -  
N3  132  -   -   -  139  -   -  105  -   -   -   -   -   -   -   -   -  ***  -  
N4   -  136  -   -   -  140  -   -  110  -   -   -   -   -   -   -   -   -  *** 

    5-ring: C4 - C6 - N4 - C2 - N2
    5-ring: C1 - N1 - C3 - C5 - N3

    Atoms C1, C2 are equivalent.
    Atoms C3, C4 are equivalent.
    Atoms C5, C6 are equivalent.
    Atoms H2, H3 are equivalent.
    Atoms H4, H5 are equivalent.
    Atoms H6, H7 are equivalent.
    Atoms H8, H9 are equivalent.
    Atoms N1, N2 are equivalent.
    Atoms N3, N4 are equivalent.

*** Molecule 2: C3H7N2O; Representant 1; Distances in pm ***
    (ring bonds are shown in green)

    C1  C2  C3  H1  H2  H3  H4  H5  H6  H7  N1  N2  O1 
C1  ***  -   -   -   -  105  -   -   -   -  134 134  -  
C2   -  *** 134  -   -   -  108  -   -   -  137  -   -  
C3   -  134 ***  -   -   -   -  112  -   -   -  140  -  
H1   -   -   -  ***  -   -   -   -   -   -  131  -  127 
H2   -   -   -   -  ***  -   -   -   -   -   -  105  -  
H3  105  -   -   -   -  ***  -   -   -   -   -   -   -  
H4   -  108  -   -   -   -  ***  -   -   -   -   -   -  
H5   -   -  112  -   -   -   -  ***  -   -   -   -   -  
H6   -   -   -   -   -   -   -   -  ***  -   -   -  100 
H7   -   -   -   -   -   -   -   -   -  ***  -   -  100 
N1  134 137  -  131  -   -   -   -   -   -  ***  -   -  
N2  134  -  140  -  105  -   -   -   -   -   -  ***  -  
O1   -   -   -  127  -   -   -   -  100 100  -   -  *** 

    5-ring: C1 - N2 - C3 - C2 - N1

    Atoms H6, H7 are equivalent.

*** Molecule 3: C2H6O3; Representant 1; Distances in pm ***

    C1  C2  H1  H2  H3  H4  H5  H6  O1  O2  O3 
C1  *** 148  -   -   -   -   -   -  132 126  -  
C2  148 ***  -   -   -  109 111 106  -   -   -  
H1   -   -  ***  -   -   -   -   -  116  -  124 
H2   -   -   -  ***  -   -   -   -   -   -  104 
H3   -   -   -   -  ***  -   -   -   -   -  105 
H4   -  109  -   -   -  ***  -   -   -   -   -  
H5   -  111  -   -   -   -  ***  -   -   -   -  
H6   -  106  -   -   -   -   -  ***  -   -   -  
O1  132  -  116  -   -   -   -   -  ***  -   -  
O2  126  -   -   -   -   -   -   -   -  ***  -  
O3   -   -  124 104 105  -   -   -   -   -  *** 

    Atoms H2, H3 are equivalent.
    Atoms H4, H5, H6 are equivalent.

*** Molecule 4: C3H4N2; Representant 1; Distances in pm ***
    (ring bonds are shown in green)

    C1  C2  C3  H1  H2  H3  H4  N1  N2 
C1  ***  -   -   -  111  -   -  133 132 
C2   -  *** 136  -   -  111  -  140  -  
C3   -  136 ***  -   -   -  104  -  135 
H1   -   -   -  ***  -   -   -  101  -  
H2  111  -   -   -  ***  -   -   -   -  
H3   -  111  -   -   -  ***  -   -   -  
H4   -   -  104  -   -   -  ***  -   -  
N1  133 140  -  101  -   -   -  ***  -  
N2  132  -  135  -   -   -   -   -  *** 

    5-ring: C1 - N2 - C3 - C2 - N1
    4-ring: N2 - C3 - C2 - N1

*** Molecule 5: C3H3N2; Representant 1; Distances in pm ***
    (ring bonds are shown in green)

    C1  C2  C3  H1  H2  H3  N1  N2 
C1  ***  -   -  106  -   -  134 132 
C2   -  *** 135  -  109  -  136  -  
C3   -  135 ***  -   -  106  -  137 
H1  106  -   -  ***  -   -   -   -  
H2   -  109  -   -  ***  -   -   -  
H3   -   -  106  -   -  ***  -   -  
N1  134 136  -   -   -   -  ***  -  
N2  132  -  137  -   -   -   -  *** 

    5-ring: C1 - N1 - C2 - C3 - N2

    Atoms C2, C3 are equivalent.
    Atoms H2, H3 are equivalent.
    Atoms N1, N2 are equivalent.

*** Molecule 6: C2H3O2; Representant 1; Distances in pm ***

    C1  C2  H1  H2  H3  O1  O2 
C1  *** 157  -   -   -  138 121 
C2  157 *** 115 108 103  -   -  
H1   -  115 ***  -   -   -   -  
H2   -  108  -  ***  -   -   -  
H3   -  103  -   -  ***  -   -  
O1  138  -   -   -   -  ***  -  
O2  121  -   -   -   -   -  *** 

    Atoms H1, H2, H3 are equivalent.
    Atoms O1, O2 are equivalent.

*** Molecule 7: H4O2; Representant 1; Distances in pm ***

    H1  H2  H3  H4  O1  O2 
H1  ***  -   -   -  124 107 
H2   -  ***  -   -   98  -  
H3   -   -  ***  -  102  -  
H4   -   -   -  ***  -   98 
O1  124  98 102  -  ***  -  
O2  107  -   -   98  -  *** 

    Atoms H2, H3 are equivalent.

*** Molecule 8: H3O2; Representant 1; Distances in pm ***

    H1  H2  H3  O1  O2 
H1  ***  -   -  123 120 
H2   -  ***  -  100  -  
H3   -   -  ***  -   96 
O1  123 100  -  ***  -  
O2  120  -   96  -  *** 

    Atoms H2, H3 are equivalent.
    Atoms O1, O2 are equivalent.

*** Molecule 9: H3O; Representant 1; Distances in pm ***

    H1  H2  H3  O1 
H1  ***  -   -  104 
H2   -  ***  -  104 
H3   -   -  *** 100 
O1  104 104 100 *** 

    Atoms H1, H2, H3 are equivalent.

*** Molecule 10: O; Representant 1; Distances in pm ***
[only 1 Atom]

*** Molecule 11: H; Representant 1; Distances in pm ***
[only 1 Atom]


*** The following 11 kinds of molecules have been recognized:
    (ordered by molecular mass)

  - Molecule 1:  C6H9N4 (1 piece, 137.16 g/mol)
      (10 noneq. atoms, 10 noneq. bonds, 16 noneq. angles)
      Concentration:   0.032257 mol/liter
      Detected 2 rings:
         1.)  5-ring: C4 - C6 - N4 - C2 - N2
         2.)  5-ring: C1 - N1 - C3 - C5 - N3

  - Molecule 2:  C3H7N2O (2 pieces, 87.10 g/mol)
      (12 noneq. atoms, 12 noneq. bonds, 18 noneq. angles)
      Concentration:   0.064513 mol/liter
      Detected 1 ring:
         1.)  5-ring: C1 - N2 - C3 - C2 - N1

  - Molecule 3:  C2H6O3 (2 pieces, 78.07 g/mol)
      (8 noneq. atoms, 7 noneq. bonds, 9 noneq. angles)
      Concentration:   0.064513 mol/liter

  - Molecule 4:  C3H4N2 (13 pieces, 68.08 g/mol)
      (9 noneq. atoms, 9 noneq. bonds, 13 noneq. angles)
      Concentration:   0.419337 mol/liter
      Detected 2 rings:
         1.)  5-ring: C1 - N2 - C3 - C2 - N1
         2.)  4-ring: N2 - C3 - C2 - N1

  - Molecule 5:  C3H3N2 (83 pieces, 67.07 g/mol)
      (5 noneq. atoms, 5 noneq. bonds, 6 noneq. angles)
      Concentration:   2.677308 mol/liter
      Detected 1 ring:
         1.)  5-ring: C1 - N1 - C2 - C3 - N2

  - Molecule 6:  C2H3O2 (98 pieces, 59.04 g/mol)
      (4 noneq. atoms, 3 noneq. bonds, 4 noneq. angles)
      Concentration:   3.161159 mol/liter

  - Molecule 7:  H4O2 (1 piece, 36.03 g/mol)
      (5 noneq. atoms, 4 noneq. bonds, 4 noneq. angles)
      Concentration:   0.032257 mol/liter

  - Molecule 8:  H3O2 (1 piece, 35.02 g/mol)
      (3 noneq. atoms, 2 noneq. bonds, 2 noneq. angles)
      Concentration:   0.032257 mol/liter

  - Molecule 9:  H3O (1 piece, 19.02 g/mol)
      (2 noneq. atoms, 1 noneq. bond, 1 noneq. angle)
      Concentration:   0.032257 mol/liter

  - Molecule 10:  O (991 pieces, 16.00 g/mol)
      (1 noneq. atom, 0 noneq. bonds, 0 noneq. angles)
      Concentration:  31.966414 mol/liter

  - Molecule 11:  H (2160 pieces, 1.01 g/mol)
      (1 noneq. atom, 0 noneq. bonds, 0 noneq. angles)
      Concentration:  69.674526 mol/liter


    If you switch on "USE_OPENBABEL" in config.h, TRAVIS can print SMILES strings of your molecules.

    You can create images of the structural formulas with the atom labels for easier
    identification of the atoms (requires installed GraphViz package - see www.graphviz.org).

    Create images of the structural formulas (y/n)? [no] n

    Accept these molecules (y) or change something (n)? [yes] n

    If you want some atom types to form no bonds at all, assign covalent radius 0 to them.

    *** Modify Molecules ***

    Your choices:

    1.) Change covalent atom radii used for bond recognition
    2.) Break specific bonds
    3.) Rename elements
    4.) Split molecule type into two types
    5.) Add bonds / add solvation shell to molecule

    Please select: [done] 2

    Break bonds in which molecule (1-11)? 9
    Break all bonds within this molecule (y/n)? [no] y

    Break another bond (y/n)? [no] y

    Break bonds in which molecule (1-11)? 8
    Break all bonds within this molecule (y/n)? [no] y

    Break another bond (y/n)? [no] y

    Break bonds in which molecule (1-11)? 7
    Break all bonds within this molecule (y/n)? [no] y

    Break another bond (y/n)? [no] y

    Break bonds in which molecule (1-11)? 4
    Break all bonds within this molecule (y/n)? [no] n
    Enter 1st atom of the bond to break (e.g. C1): N1
    Enter 2nd atom of the bond to break (e.g. C2): H1

    Break another bond (y/n)? [no] n


    *** Modify Molecules ***

    Your choices:

    1.) Change covalent atom radii used for bond recognition
    2.) Break specific bonds
    3.) Rename elements
    4.) Split molecule type into two types
    5.) Add bonds / add solvation shell to molecule

    Please select: [done] <RETURN>

    Going back to molecule recognition with changed settings.


    NPT: Using a cell vector of ( 3720.00 pm | 3720.00 pm | 3720.00 pm ) for molecule recognition.

    Initialized spatial domain engine with 19 x 19 x 19 cells, min. diameter = 189 pm.

    Molecule recognition [###########################################################]

    3378 molecules found.

    Sorting atom types...
    2185 bonds have been broken.
    Setting up bond lists...
    Building atom codes...
    Creating refined topological atom order...
      [############################################################] Done.
    Creating bond list...
    Creating angle list...
    Grouping together equivalent molecules...
    Found 7 unique molecule types.
    Sorting molecule types by molecular mass...
    Found 4 rings.
    Refining ring systems...
    Assigning ring systems to molecule types...
    Sorting rings by size...
    Molecule recognition finished.

Output of bond matrices:

*** Molecule 1: C6H9N4; Representant 1; Distances in pm ***
    (ring bonds are shown in green)

    C1  C2  C3  C4  C5  C6  H1  H2  H3  H4  H5  H6  H7  H8  H9  N1  N2  N3  N4 
C1  ***  -   -   -   -   -   -   -   -  107  -   -   -   -   -  136  -  132  -  
C2   -  ***  -   -   -   -   -   -   -   -  107  -   -   -   -   -  130  -  136 
C3   -   -  ***  -  141  -   -   -   -   -   -  105  -   -   -  137  -   -   -  
C4   -   -   -  ***  -  135  -   -   -   -   -   -  110  -   -   -  140  -   -  
C5   -   -  141  -  ***  -   -   -   -   -   -   -   -  111  -   -   -  139  -  
C6   -   -   -  135  -  ***  -   -   -   -   -   -   -   -  103  -   -   -  140 
H1   -   -   -   -   -   -  ***  -   -   -   -   -   -   -   -  125 129  -   -  
H2   -   -   -   -   -   -   -  ***  -   -   -   -   -   -   -   -   -  105  -  
H3   -   -   -   -   -   -   -   -  ***  -   -   -   -   -   -   -   -   -  110 
H4  107  -   -   -   -   -   -   -   -  ***  -   -   -   -   -   -   -   -   -  
H5   -  107  -   -   -   -   -   -   -   -  ***  -   -   -   -   -   -   -   -  
H6   -   -  105  -   -   -   -   -   -   -   -  ***  -   -   -   -   -   -   -  
H7   -   -   -  110  -   -   -   -   -   -   -   -  ***  -   -   -   -   -   -  
H8   -   -   -   -  111  -   -   -   -   -   -   -   -  ***  -   -   -   -   -  
H9   -   -   -   -   -  103  -   -   -   -   -   -   -   -  ***  -   -   -   -  
N1  136  -  137  -   -   -  125  -   -   -   -   -   -   -   -  ***  -   -   -  
N2   -  130  -  140  -   -  129  -   -   -   -   -   -   -   -   -  ***  -   -  
N3  132  -   -   -  139  -   -  105  -   -   -   -   -   -   -   -   -  ***  -  
N4   -  136  -   -   -  140  -   -  110  -   -   -   -   -   -   -   -   -  *** 

    5-ring: C4 - C6 - N4 - C2 - N2
    5-ring: C1 - N1 - C3 - C5 - N3

    Atoms C1, C2 are equivalent.
    Atoms C3, C4 are equivalent.
    Atoms C5, C6 are equivalent.
    Atoms H2, H3 are equivalent.
    Atoms H4, H5 are equivalent.
    Atoms H6, H7 are equivalent.
    Atoms H8, H9 are equivalent.
    Atoms N1, N2 are equivalent.
    Atoms N3, N4 are equivalent.

*** Molecule 2: C3H7N2O; Representant 1; Distances in pm ***
    (ring bonds are shown in green)

    C1  C2  C3  H1  H2  H3  H4  H5  H6  H7  N1  N2  O1 
C1  ***  -   -   -   -  105  -   -   -   -  134 134  -  
C2   -  *** 134  -   -   -  108  -   -   -  137  -   -  
C3   -  134 ***  -   -   -   -  112  -   -   -  140  -  
H1   -   -   -  ***  -   -   -   -   -   -  131  -  127 
H2   -   -   -   -  ***  -   -   -   -   -   -  105  -  
H3  105  -   -   -   -  ***  -   -   -   -   -   -   -  
H4   -  108  -   -   -   -  ***  -   -   -   -   -   -  
H5   -   -  112  -   -   -   -  ***  -   -   -   -   -  
H6   -   -   -   -   -   -   -   -  ***  -   -   -  100 
H7   -   -   -   -   -   -   -   -   -  ***  -   -  100 
N1  134 137  -  131  -   -   -   -   -   -  ***  -   -  
N2  134  -  140  -  105  -   -   -   -   -   -  ***  -  
O1   -   -   -  127  -   -   -   -  100 100  -   -  *** 

    5-ring: C1 - N2 - C3 - C2 - N1

    Atoms H6, H7 are equivalent.

*** Molecule 3: C2H6O3; Representant 1; Distances in pm ***

    C1  C2  H1  H2  H3  H4  H5  H6  O1  O2  O3 
C1  *** 148  -   -   -   -   -   -  132 126  -  
C2  148 ***  -   -   -  109 111 106  -   -   -  
H1   -   -  ***  -   -   -   -   -  116  -  124 
H2   -   -   -  ***  -   -   -   -   -   -  104 
H3   -   -   -   -  ***  -   -   -   -   -  105 
H4   -  109  -   -   -  ***  -   -   -   -   -  
H5   -  111  -   -   -   -  ***  -   -   -   -  
H6   -  106  -   -   -   -   -  ***  -   -   -  
O1  132  -  116  -   -   -   -   -  ***  -   -  
O2  126  -   -   -   -   -   -   -   -  ***  -  
O3   -   -  124 104 105  -   -   -   -   -  *** 

    Atoms H2, H3 are equivalent.
    Atoms H4, H5, H6 are equivalent.

*** Molecule 4: C3H3N2; Representant 1; Distances in pm ***
    (ring bonds are shown in green)

    C1  C2  C3  H1  H2  H3  N1  N2 
C1  ***  -   -  106  -   -  134 132 
C2   -  *** 135  -  109  -  136  -  
C3   -  135 ***  -   -  106  -  137 
H1  106  -   -  ***  -   -   -   -  
H2   -  109  -   -  ***  -   -   -  
H3   -   -  106  -   -  ***  -   -  
N1  134 136  -   -   -   -  ***  -  
N2  132  -  137  -   -   -   -  *** 

    5-ring: C1 - N1 - C2 - C3 - N2

    Atoms C2, C3 are equivalent.
    Atoms H2, H3 are equivalent.
    Atoms N1, N2 are equivalent.

*** Molecule 5: C2H3O2; Representant 1; Distances in pm ***

    C1  C2  H1  H2  H3  O1  O2 
C1  *** 157  -   -   -  138 121 
C2  157 *** 115 108 103  -   -  
H1   -  115 ***  -   -   -   -  
H2   -  108  -  ***  -   -   -  
H3   -  103  -   -  ***  -   -  
O1  138  -   -   -   -  ***  -  
O2  121  -   -   -   -   -  *** 

    Atoms H1, H2, H3 are equivalent.
    Atoms O1, O2 are equivalent.

*** Molecule 6: O; Representant 1; Distances in pm ***
[only 1 Atom]

*** Molecule 7: H; Representant 1; Distances in pm ***
[only 1 Atom]


*** The following 7 kinds of molecules have been recognized:
    (ordered by molecular mass)

  - Molecule 1:  C6H9N4 (1 piece, 137.16 g/mol)
      (10 noneq. atoms, 10 noneq. bonds, 16 noneq. angles)
      Concentration:   0.032257 mol/liter
      Detected 2 rings:
         1.)  5-ring: C4 - C6 - N4 - C2 - N2
         2.)  5-ring: C1 - N1 - C3 - C5 - N3

  - Molecule 2:  C3H7N2O (2 pieces, 87.10 g/mol)
      (12 noneq. atoms, 12 noneq. bonds, 18 noneq. angles)
      Concentration:   0.064513 mol/liter
      Detected 1 ring:
         1.)  5-ring: C1 - N2 - C3 - C2 - N1

  - Molecule 3:  C2H6O3 (2 pieces, 78.07 g/mol)
      (8 noneq. atoms, 7 noneq. bonds, 9 noneq. angles)
      Concentration:   0.064513 mol/liter

  - Molecule 4:  C3H3N2 (96 pieces, 67.07 g/mol)
      (5 noneq. atoms, 5 noneq. bonds, 6 noneq. angles)
      Concentration:   3.096646 mol/liter
      Detected 1 ring:
         1.)  5-ring: C1 - N1 - C2 - C3 - N2

  - Molecule 5:  C2H3O2 (98 pieces, 59.04 g/mol)
      (4 noneq. atoms, 3 noneq. bonds, 4 noneq. angles)
      Concentration:   3.161159 mol/liter

  - Molecule 6:  O (996 pieces, 16.00 g/mol)
      (1 noneq. atom, 0 noneq. bonds, 0 noneq. angles)
      Concentration:  32.127698 mol/liter

  - Molecule 7:  H (2183 pieces, 1.01 g/mol)
      (1 noneq. atom, 0 noneq. bonds, 0 noneq. angles)
      Concentration:  70.416431 mol/liter


    If you switch on "USE_OPENBABEL" in config.h, TRAVIS can print SMILES strings of your molecules.

    You can create images of the structural formulas with the atom labels for easier
    identification of the atoms (requires installed GraphViz package - see www.graphviz.org).

    Create images of the structural formulas (y/n)? [no] n

    Accept these molecules (y) or change something (n)? [yes] y

    Uniting molecules which have been broken by wrapping...
      - Molecule C3H7N2O[2] united, 1 bonds unwrapped.

    Determining maximum molecular diameters...

    Found the following maximal molecular diameters:

      (*) Molecule 1 (C6H9N4):     898.70 pm

      (*) Molecule 2 (C3H7N2O):    626.68 pm

      (*) Molecule 3 (C2H6O3):     575.75 pm

      (*) Molecule 4 (C3H3N2):     438.32 pm

      (*) Molecule 5 (C2H3O2):     346.26 pm

      (*) Molecule 6 (O):        (only one atom)

      (*) Molecule 7 (H):        (only one atom)


    The atoms are currently ordered by topological priority.

    Defining virtual atom #1 as molecular Center of Geometry:
      - C6H9N4...
      - C3H7N2O...
      - C2H6O3...
      - C3H3N2...
      - C2H3O2...
      - O...
      - H...

    Defining virtual atom #2 as molecular Center of Mass:
      - C6H9N4...
      - C3H7N2O...
      - C2H6O3...
      - C3H3N2...
      - C2H3O2...
      - O...
      - H...

    Defining ring centers in C6H9N4:
      - Defining #3 as Center of Ring 1: C4 - C6 - N4 - C2 - N2
      - Defining #4 as Center of Ring 2: C1 - N1 - C3 - C5 - N3

    Defining ring centers in C3H7N2O:
      - Defining #3 as Center of Ring 1: C1 - N2 - C3 - C2 - N1

    Defining ring centers in C3H3N2:
      - Defining #3 as Center of Ring 1: C1 - N1 - C2 - C3 - N2

    Defining molecular dipole vectors:

      The last virtual atom of each molecule is defined as the tip of the dipole vector
      starting in center of mass (#2). 1 Debye corresponds to 100 pm of vector length.
      Only useful if dipole/charge data is provided. Otherwise vector has always length of zero.

      - Dipole vector #2 --> #5 in C6H9N4 ...
      - Dipole vector #2 --> #4 in C3H7N2O ...
      - Dipole vector #2 --> #3 in C2H6O3 ...
      - Dipole vector #2 --> #4 in C3H3N2 ...
      - Dipole vector #2 --> #3 in C2H3O2 ...
      - Dipole vector #2 --> #3 in O ...
      - Dipole vector #2 --> #3 in H ...

>>> 25 virtual atoms have been defined: >>>

    #1 in C6H9N4: Center of Geometry.
    #2 in C6H9N4: Center of Mass.

    #3 in C6H9N4 - defined through center:
      -  C4    Weight 20.00%
      -  C6    Weight 20.00%
      -  C2    Weight 20.00%
      -  N4    Weight 20.00%
      -  N2    Weight 20.00%

    #4 in C6H9N4 - defined through center:
      -  C1    Weight 20.00%
      -  C3    Weight 20.00%
      -  C5    Weight 20.00%
      -  N1    Weight 20.00%
      -  N3    Weight 20.00%

    #5 in C6H9N4 - tip of molecular dipole vector starting in #2.

    #1 in C3H7N2O: Center of Geometry.
    #2 in C3H7N2O: Center of Mass.

    #3 in C3H7N2O - defined through center:
      -  C1    Weight 20.00%
      -  C3    Weight 20.00%
      -  C2    Weight 20.00%
      -  N2    Weight 20.00%
      -  N1    Weight 20.00%

    #4 in C3H7N2O - tip of molecular dipole vector starting in #2.

    #1 in C2H6O3: Center of Geometry.
    #2 in C2H6O3: Center of Mass.

    #3 in C2H6O3 - tip of molecular dipole vector starting in #2.

    #1 in C3H3N2: Center of Geometry.
    #2 in C3H3N2: Center of Mass.

    #3 in C3H3N2 - defined through center:
      -  C1    Weight 20.00%
      -  C2    Weight 20.00%
      -  C3    Weight 20.00%
      -  N1    Weight 20.00%
      -  N2    Weight 20.00%

    #4 in C3H3N2 - tip of molecular dipole vector starting in #2.

    #1 in C2H3O2: Center of Geometry.
    #2 in C2H3O2: Center of Mass.

    #3 in C2H3O2 - tip of molecular dipole vector starting in #2.

    #1 in O: Center of Geometry.
    #2 in O: Center of Mass.

    #3 in O - tip of molecular dipole vector starting in #2.

    #1 in H: Center of Geometry.
    #2 in H: Center of Mass.

    #3 in H - tip of molecular dipole vector starting in #2.

<<< End of virtual atoms <<<


>>> List of functions <<<

 *** Static (time independent) Functions
 cdf      - Combined Distribution Function
 rdf      - Radial Distribution Function
 adf      - Angular Distribution Function
 ddf      - Dihedral Distribution Function
 pldf     - Point-Plane Distance Distribution
 lidf     - Point-Line Distance Distribution
 plproj   - Plane Projection Distribution
 dprof    - Fixed Plane Density Profile
 fpp      - Fixed Plane Projection
 dens     - Density Distribution Function
 sdf      - Spatial Distribution Function
 psdf     - Pseudo SDF (only 2 ref. atoms)
 dip      - Dipole Distribution Function
 cond     - Evaluate Structural Condition
 sfac     - Compute Structure Factor
 agtopo   - Aggregation Topology Analysis
 sankey   - Sankey diagram plot
 cmat     - Contact Matrix / Connection Matrix
 geodens  - Particle Density inside Geometric Object

 *** Dynamic (time dependent) Functions
 vdf      - Velocity Distribution Function
 fdf      - Force Distribution Function
 msd      - Mean Square Displacement / Diffusion Coefficients
 acf      - Velocity Autocorrelation Functions
 rdyn     - Vector Reorientation Dynamics
 vhcf     - Van Hove Correlation Function
 aggr     - Aggregation Functions (DACF, DLDF, DDisp)
 hbond    - Hydrogen Bond Dynamics
 ionpair  - Diffusion Corrected Ion Pair Dynamics
 tddf     - Time Dependent Distribution Functions

 *** Spectroscopic Functions
 spec     - New Spectroscopy Module (IR, Raman, VCD, ROA)
 power    - Calculate Power Spectrum
 nc       - Normal Coordinate Analysis
 ir       - (old) Calculate IR Spectrum
 raman    - (old) Calculate Raman Spectrum
 vcd      - (old) Calculate VCD Spectrum
 rera     - Calculate Resonance Raman Spectrum
 drst     - Save Dipole Restart File
 mrst     - Save Magnetic Moment Restart File
 pol      - Set up Polarizability Calculation

 *** Miscellaneous Functions
 env      - Save Trajectory of RM Environment / TDO Plot
 proc     - Save Processed Trajectory
 cut      - Cut Clusters
 reg      - Region-specific Analysis
 chi      - Chirality Analysis
 eck      - Transform to Eckart Frame
 swan     - Sort Wannier Centers
 voro     - Basic Voronoi Analysis
 vori     - Voronoi Integration Functions
 vorochg  - Voronoi Charge Optimization
 doma     - Domain Analysis
 order    - Order Parameters
 hole     - Hole Theory based Analysis
 cla      - Cluster Analysis

   (You may specify multiple analyses at once, but
    the safe way is to perform only one kind of analysis at a time.)

    Which functions to compute (comma separated)? aggr

 aggr    - Aggregation Functions (DACF, DLDF, DDisp)

    The advanced mode includes some options which are quite powerful,
    yet possibly weird or seldomly required.

    Use the advanced mode for the main part (y/n)? [no] n

    Enter the physical time distance between successive trajectory frames in fs: [0.5] 10

>>> Selection of Aggregation Functions >>>

    Compute Dimer Existence Autocorrelation Functions (DACFs) (y/n)? [yes] y
    Compute Dimer Lifetime Distribution Functions (DLDFs) (y/n)? [no] n
    Compute Dimer Displacement Functions / Pair Diffusion (y/n)? [no] n

<<< Selection of Aggregation Functions <<<


>>> Observation 1 >>>

    Enter first molecule for aggregation (C6H9N4=1, C3H7N2O=2, C2H6O3=3, C3H3N2=4, C2H3O2=5, O=6, H=7): 6
    Enter second molecule for aggregation (C6H9N4=1, C3H7N2O=2, C2H6O3=3, C3H3N2=4, C2H3O2=5, O=6, H=7): 7
    Observing aggregates between O and H.

    Enter the correlation depth of the DACF in trajectory frames: [6006] 6006
    Fit poly-exponential functions to DACF and integrate over [0,infinity) (y/n)? [yes] y

    TRAVIS will fit functions with different count of exponential terms to your data.
    This enables you to see how many different processes contribute to your decay.

    How many exponential terms to use at most: [3] 3



Now you have to enter the condition(s) for aggregation.

To combine several conditions via AND/OR, activate the "advanced mode"!

>>> 1. set of conditions >>>

>>> Condition between O and H >>>

    Do you want to define a distance condition (y/n)? [yes] y

>>> Distance Condition >>>

    O is only one atom, there is no choice.
    H is only one atom, there is no choice.
    Enter another set of atoms for this condition (y/n)? [no] n

    Enter min./max. distance (0) or min./max. nearest neighbor count (1)? [0] 0
    Enter the minimal distance in pm: [0] 0
    Enter the maximal distance in pm: [400] 130
    Enter another distance interval (y/n)? [no] n

<<< End of Distance Condition <<<

    Do you want to define an angular condition (y/n)? [no] 
End of input file reached. Switching to keyboard input.

    Do you want to write an input file for this session (y/n)? [yes] n
Please continue with answering the last question above.

n

    Using 1 combinations of subconditions for this condition:

       1.) Distance  1 - Angle  1.

<<< End of this condition <<<


<<< End of 1. set of conditions <<<


    Calculate this function as continuous (0) or intermittent (1) type? [1] 
    Perform finite-size ensemble equilibrium correction (y/n)? [yes] 

    Using new ACF-less intermittent mode.


    Add another aggregation function with different criterion values (y/n)? [no] 

<<< End of Aggregation Functions <<<

<<< End of Observation 1 <<<

    Add another observation (y/n)? [no] y

>>> Observation 2 >>>

    Enter first molecule for aggregation (C6H9N4=1, C3H7N2O=2, C2H6O3=3, C3H3N2=4, C2H3O2=5, O=6, H=7): 5
    Enter second molecule for aggregation (C6H9N4=1, C3H7N2O=2, C2H6O3=3, C3H3N2=4, C2H3O2=5, O=6, H=7): 7
    Observing aggregates between C2H3O2 and H.

    Enter the correlation depth of the DACF in trajectory frames: [6006] 
    Fit poly-exponential functions to DACF and integrate over [0,infinity) (y/n)? [yes] 

    TRAVIS will fit functions with different count of exponential terms to your data.
    This enables you to see how many different processes contribute to your decay.

    How many exponential terms to use at most: [3] 3



Now you have to enter the condition(s) for aggregation.

To combine several conditions via AND/OR, activate the "advanced mode"!

>>> 1. set of conditions >>>

>>> Condition between C2H3O2 and H >>>

    Do you want to define a distance condition (y/n)? [yes] 

>>> Distance Condition >>>

    Which atom(s) to take from RM C2H3O2 (e.g. "C1,C3-5,H", "*"=all)? [#2] O
    H is only one atom, there is no choice.
    Enter another set of atoms for this condition (y/n)? [no] 

    Enter min./max. distance (0) or min./max. nearest neighbor count (1)? [0] 
    Enter the minimal distance in pm: [0] 
    Enter the maximal distance in pm: [400] 130
    Enter another distance interval (y/n)? [no] 

<<< End of Distance Condition <<<

    Do you want to define an angular condition (y/n)? [no] 

    Using 2 combinations of subconditions for this condition:

       1.) Distance  1 - Angle  1.
       2.) Distance  2 - Angle  1.

<<< End of this condition <<<


<<< End of 1. set of conditions <<<


    Calculate this function as continuous (0) or intermittent (1) type? [1] 
    Perform finite-size ensemble equilibrium correction (y/n)? [yes] 

    Using new ACF-less intermittent mode.


    Add another aggregation function with different criterion values (y/n)? [no] 

<<< End of Aggregation Functions <<<

<<< End of Observation 2 <<<

    Add another observation (y/n)? [no] y

>>> Observation 3 >>>

    Enter first molecule for aggregation (C6H9N4=1, C3H7N2O=2, C2H6O3=3, C3H3N2=4, C2H3O2=5, O=6, H=7): 4
    Enter second molecule for aggregation (C6H9N4=1, C3H7N2O=2, C2H6O3=3, C3H3N2=4, C2H3O2=5, O=6, H=7): 7
    Observing aggregates between C3H3N2 and H.

    Enter the correlation depth of the DACF in trajectory frames: [6006] 
    Fit poly-exponential functions to DACF and integrate over [0,infinity) (y/n)? [yes] 

    TRAVIS will fit functions with different count of exponential terms to your data.
    This enables you to see how many different processes contribute to your decay.

    How many exponential terms to use at most: [3] 



Now you have to enter the condition(s) for aggregation.

To combine several conditions via AND/OR, activate the "advanced mode"!

>>> 1. set of conditions >>>

>>> Condition between C3H3N2 and H >>>

    Do you want to define a distance condition (y/n)? [yes] 

>>> Distance Condition >>>

    Which atom(s) to take from RM C3H3N2 (e.g. "C1,C3-5,H", "*"=all)? [#2] N
    H is only one atom, there is no choice.
    Enter another set of atoms for this condition (y/n)? [no] 

    Enter min./max. distance (0) or min./max. nearest neighbor count (1)? [0] 
    Enter the minimal distance in pm: [0] 
    Enter the maximal distance in pm: [400] 130
    Enter another distance interval (y/n)? [no] 

<<< End of Distance Condition <<<

    Do you want to define an angular condition (y/n)? [no] 

    Using 2 combinations of subconditions for this condition:

       1.) Distance  1 - Angle  1.
       2.) Distance  2 - Angle  1.

<<< End of this condition <<<


<<< End of 1. set of conditions <<<


    Calculate this function as continuous (0) or intermittent (1) type? [1] 
    Perform finite-size ensemble equilibrium correction (y/n)? [yes] 

    Using new ACF-less intermittent mode.


    Add another aggregation function with different criterion values (y/n)? [no] 

<<< End of Aggregation Functions <<<

<<< End of Observation 3 <<<

    Add another observation (y/n)? [no] 

>>> Observation List >>>

  *** Observation 1
    - Aggregation functions - 1 value sets:
      > O_H_d[O1r_H1o]_r0-130_int_acfless_correq
  *** Observation 2
    - Aggregation functions - 1 value sets:
      > C2H3O2_H_d[Or_H1o]_r0-130_int_acfless_correq
  *** Observation 3
    - Aggregation functions - 1 value sets:
      > C3H3N2_H_d[Nr_H1o]_r0-130_int_acfless_correq

<<< End of Observation List <<<


    Not wrapping molecules into the box.

    Not removing center of mass movement of the box.

    In which trajectory frame to start processing the trajectory? [1] 
    How many trajectory frames to read (from this position on)? [all] 
    Use every n-th read trajectory frame for the analysis: [1] 

    Using 20022 time steps: Every 1st within range 1 - approx. 20022.

########## All information collected ##########

>>> Initialization >>>

Initializing observation 1...
  Creating aggregation functions (1 value sets)...
Initializing observation 2...
  Creating aggregation functions (1 value sets)...
Initializing observation 3...
  Creating aggregation functions (1 value sets)...

<<< End of Initialization <<<


##########   Starting Main Pass   ##########

Hint: Press CTRL+C once to softly interrupt analysis and still write the results.
      Creating an empty file named EXIT ("touch EXIT") has the same effect.

Step      0 ..

*** SIGINT: Analysis softly interrupted by user ***
    Press CTRL+C again to immediately stop execution.

Analysis aborted by user.


##########   Main pass done   ##########

2 time steps processed.



    Finishing analyses:
----------------------------------------------------------------------------------------------------------


>>> Observation 1 >>>

* Aggregation Functions

    Warning: Requested ACF depth (6006) is larger than number of processed time steps (2).
             Reducing ACF depth to 1.


###########################################################################################################

  > Value Set 1: O_H_d[O1r_H1o]_r0-130_int_acfless_correq
    Finishing functions... (1998 pairs pending)
    [############################################################]


>>> Condition Data >>>

    3993 of 4348536 molecules passed the conditions (0.09 percent).

Neighbor count histogram:

  - 2 Neighbors:  99.5482 percent of the time (1983 hits).
  - 3 Neighbors:   0.4518 percent of the time (9 hits).

    Saving detailed condition data as "cond_O_H_d[O1r_H1o]_r0-130_int_acfless_correq.txt"...

<<< End of Condition Data <<<

Neighbour Count Distribution
    1992 Bin entries have been made.
    Writing Neighbor Count Distribution File "ncd_O_H_d[O1r_H1o]_r0-130_int_acfless_correq.csv"...

Dimer Existence Autocorrelation Function
    Building intermittent function (new ACF-less method)...
      [############################################################]
    Finite-size ensemble average is 0.091824 %.
    Subtracting squared average value (0.00091824 - 8.43165E-07)...
    Normalizing ACF with factor 1090.04 ...

    Please note: The lifetime is two times the integral value!

    Performing Levenberg-Marquardt fit with 1-exponential curve...
      f(x) = c1 * exp(-x/e1^2) + c2 * exp(-x/e2^2) + ...
      Starting values:
        c1   =    1.000000      e1  =     4.474595  (    20.02200 ps)
    Fitting []
    sse =     0.00000000,  sst =     0.00000000,  sse/sst =           -nan
      Status: fatal coding error (improper input parameters) (0 cycles).
        c1   =    1.000000      e1  =     4.474595    tau(1) =      20.022000 ps
        R    =          -nan  Chi^2 =   0.00000000
      Curve integral: tau(total) =      20.022000 ps.
    Fitting done.

    Performing Levenberg-Marquardt fit with 2-exponential curve...
      f(x) = c1 * exp(-x/e1^2) + c2 * exp(-x/e2^2) + ...
      Starting values:
        c1   =    0.500000      e1  =     0.100000  (     0.00500 ps)
        c2   =    0.500000      e2  =    14.149912  (   100.11000 ps)
    Fitting []
    sse =     0.00000000,  sst =     0.00000000,  sse/sst =           -nan
      Status: fatal coding error (improper input parameters) (0 cycles).
        c1   =    0.500000      e1  =    14.149912    tau(1) =     100.110000 ps
        c2   =    0.500000      e2  =     0.100000    tau(2) =       0.005000 ps
        R    =          -nan  Chi^2 =   0.00000000
      Curve integral: tau(total) =     100.115000 ps.
    Fitting done.

    Performing Levenberg-Marquardt fit with 3-exponential curve...
      f(x) = c1 * exp(-x/e1^2) + c2 * exp(-x/e2^2) + ...
      Starting values:
        c1   =    0.333333      e1  =     0.100000  (     0.00333 ps)
        c2   =    0.333333      e2  =     1.189534  (     0.47166 ps)
        c3   =    0.333333      e3  =    14.149912  (    66.74000 ps)
    Fitting []
    sse =     0.00000000,  sst =     0.00000000,  sse/sst =           -nan
      Status: fatal coding error (improper input parameters) (0 cycles).
        c1   =    0.333333      e1  =    14.149912    tau(1) =      66.740000 ps
        c2   =    0.333333      e2  =     1.189534    tau(2) =       0.471664 ps
        c3   =    0.333333      e3  =     0.100000    tau(3) =       0.003333 ps
        R    =          -nan  Chi^2 =   0.00000000
      Curve integral: tau(total) =      67.214997 ps.
    Fitting done.

    DACF fit integral overview:
      (use the row with the highest R value)

      Degree  R             Integral / ps     Lifetime / ps
      1             -nan    20.022            40.044    
      2             -nan    100.115           200.23    
      3             -nan    67.215            134.43    

    Resulting aggregate lifetime: 4.84184E-322 ps

    Saving DACF File as "dacf_O_H_d[O1r_H1o]_r0-130_int_acfless_correq.csv"...
    Saving DACF Agr File as "dacf_O_H_d[O1r_H1o]_r0-130_int_acfless_correq.agr"...
      Writing file...
        [####]

>>> Observation 2 >>>

* Aggregation Functions

    Warning: Requested ACF depth (6006) is larger than number of processed time steps (2).
             Reducing ACF depth to 1.


###########################################################################################################

  > Value Set 1: C2H3O2_H_d[Or_H1o]_r0-130_int_acfless_correq
    Finishing functions... (82 pairs pending)
    [############################################################]


>>> Condition Data >>>

    164 of 427868 molecules passed the conditions (0.04 percent).

Neighbor count histogram:

  - 0 Neighbors:  16.3265 percent of the time (32 hits).
  - 1 Neighbors:  83.6735 percent of the time (164 hits).

    Saving detailed condition data as "cond_C2H3O2_H_d[Or_H1o]_r0-130_int_acfless_correq.txt"...

<<< End of Condition Data <<<

Neighbour Count Distribution
    196 Bin entries have been made.
    Writing Neighbor Count Distribution File "ncd_C2H3O2_H_d[Or_H1o]_r0-130_int_acfless_correq.csv"...

Dimer Existence Autocorrelation Function
    Building intermittent function (new ACF-less method)...
      [############################################################]
    Finite-size ensemble average is 0.038330 %.
    Subtracting squared average value (0.000383296 - 1.46916E-07)...
    Normalizing ACF with factor 2609.95 ...

    Please note: The lifetime is two times the integral value!

    Performing Levenberg-Marquardt fit with 1-exponential curve...
      f(x) = c1 * exp(-x/e1^2) + c2 * exp(-x/e2^2) + ...
      Starting values:
        c1   =    1.000000      e1  =     4.474595  (    20.02200 ps)
    Fitting []
    sse =     0.00000000,  sst =     0.00000000,  sse/sst =           -nan
      Status: fatal coding error (improper input parameters) (0 cycles).
        c1   =    1.000000      e1  =     4.474595    tau(1) =      20.022000 ps
        R    =          -nan  Chi^2 =   0.00000000
      Curve integral: tau(total) =      20.022000 ps.
    Fitting done.

    Performing Levenberg-Marquardt fit with 2-exponential curve...
      f(x) = c1 * exp(-x/e1^2) + c2 * exp(-x/e2^2) + ...
      Starting values:
        c1   =    0.500000      e1  =     0.100000  (     0.00500 ps)
        c2   =    0.500000      e2  =    14.149912  (   100.11000 ps)
    Fitting []
    sse =     0.00000000,  sst =     0.00000000,  sse/sst =           -nan
      Status: fatal coding error (improper input parameters) (0 cycles).
        c1   =    0.500000      e1  =    14.149912    tau(1) =     100.110000 ps
        c2   =    0.500000      e2  =     0.100000    tau(2) =       0.005000 ps
        R    =          -nan  Chi^2 =   0.00000000
      Curve integral: tau(total) =     100.115000 ps.
    Fitting done.

    Performing Levenberg-Marquardt fit with 3-exponential curve...
      f(x) = c1 * exp(-x/e1^2) + c2 * exp(-x/e2^2) + ...
      Starting values:
        c1   =    0.333333      e1  =     0.100000  (     0.00333 ps)
        c2   =    0.333333      e2  =     1.189534  (     0.47166 ps)
        c3   =    0.333333      e3  =    14.149912  (    66.74000 ps)
    Fitting []
    sse =     0.00000000,  sst =     0.00000000,  sse/sst =           -nan
      Status: fatal coding error (improper input parameters) (0 cycles).
        c1   =    0.333333      e1  =    14.149912    tau(1) =      66.740000 ps
        c2   =    0.333333      e2  =     1.189534    tau(2) =       0.471664 ps
        c3   =    0.333333      e3  =     0.100000    tau(3) =       0.003333 ps
        R    =          -nan  Chi^2 =   0.00000000
      Curve integral: tau(total) =      67.214997 ps.
    Fitting done.

    DACF fit integral overview:
      (use the row with the highest R value)

      Degree  R             Integral / ps     Lifetime / ps
      1             -nan    20.022            40.044    
      2             -nan    100.115           200.23    
      3             -nan    67.215            134.43    

    Resulting aggregate lifetime: 4.84184E-322 ps

    Saving DACF File as "dacf_C2H3O2_H_d[Or_H1o]_r0-130_int_acfless_correq.csv"...
    Saving DACF Agr File as "dacf_C2H3O2_H_d[Or_H1o]_r0-130_int_acfless_correq.agr"...
      Writing file...
        [####]

>>> Observation 3 >>>

* Aggregation Functions

    Warning: Requested ACF depth (6006) is larger than number of processed time steps (2).
             Reducing ACF depth to 1.


###########################################################################################################

  > Value Set 1: C3H3N2_H_d[Nr_H1o]_r0-130_int_acfless_correq
    Finishing functions... (109 pairs pending)
    [############################################################]


>>> Condition Data >>>

    218 of 419136 molecules passed the conditions (0.05 percent).

Neighbor count histogram:

  - 1 Neighbors:  86.4583 percent of the time (166 hits).
  - 2 Neighbors:  13.5417 percent of the time (26 hits).

    Saving detailed condition data as "cond_C3H3N2_H_d[Nr_H1o]_r0-130_int_acfless_correq.txt"...

<<< End of Condition Data <<<

Neighbour Count Distribution
    192 Bin entries have been made.
    Writing Neighbor Count Distribution File "ncd_C3H3N2_H_d[Nr_H1o]_r0-130_int_acfless_correq.csv"...

Dimer Existence Autocorrelation Function
    Building intermittent function (new ACF-less method)...
      [############################################################]
    Finite-size ensemble average is 0.052012 %.
    Subtracting squared average value (0.000520118 - 2.70522E-07)...
    Normalizing ACF with factor 1923.64 ...

    Please note: The lifetime is two times the integral value!

    Performing Levenberg-Marquardt fit with 1-exponential curve...
      f(x) = c1 * exp(-x/e1^2) + c2 * exp(-x/e2^2) + ...
      Starting values:
        c1   =    1.000000      e1  =     4.474595  (    20.02200 ps)
    Fitting []
    sse =     0.00000000,  sst =     0.00000000,  sse/sst =           -nan
      Status: fatal coding error (improper input parameters) (0 cycles).
        c1   =    1.000000      e1  =     4.474595    tau(1) =      20.022000 ps
        R    =          -nan  Chi^2 =   0.00000000
      Curve integral: tau(total) =      20.022000 ps.
    Fitting done.

    Performing Levenberg-Marquardt fit with 2-exponential curve...
      f(x) = c1 * exp(-x/e1^2) + c2 * exp(-x/e2^2) + ...
      Starting values:
        c1   =    0.500000      e1  =     0.100000  (     0.00500 ps)
        c2   =    0.500000      e2  =    14.149912  (   100.11000 ps)
    Fitting []
    sse =     0.00000000,  sst =     0.00000000,  sse/sst =           -nan
      Status: fatal coding error (improper input parameters) (0 cycles).
        c1   =    0.500000      e1  =    14.149912    tau(1) =     100.110000 ps
        c2   =    0.500000      e2  =     0.100000    tau(2) =       0.005000 ps
        R    =          -nan  Chi^2 =   0.00000000
      Curve integral: tau(total) =     100.115000 ps.
    Fitting done.

    Performing Levenberg-Marquardt fit with 3-exponential curve...
      f(x) = c1 * exp(-x/e1^2) + c2 * exp(-x/e2^2) + ...
      Starting values:
        c1   =    0.333333      e1  =     0.100000  (     0.00333 ps)
        c2   =    0.333333      e2  =     1.189534  (     0.47166 ps)
        c3   =    0.333333      e3  =    14.149912  (    66.74000 ps)
    Fitting []
    sse =     0.00000000,  sst =     0.00000000,  sse/sst =           -nan
      Status: fatal coding error (improper input parameters) (0 cycles).
        c1   =    0.333333      e1  =    14.149912    tau(1) =      66.740000 ps
        c2   =    0.333333      e2  =     1.189534    tau(2) =       0.471664 ps
        c3   =    0.333333      e3  =     0.100000    tau(3) =       0.003333 ps
        R    =          -nan  Chi^2 =   0.00000000
      Curve integral: tau(total) =      67.214997 ps.
    Fitting done.

    DACF fit integral overview:
      (use the row with the highest R value)

      Degree  R             Integral / ps     Lifetime / ps
      1             -nan    20.022            40.044    
      2             -nan    100.115           200.23    
      3             -nan    67.215            134.43    

    Resulting aggregate lifetime: 4.84184E-322 ps

    Saving DACF File as "dacf_C3H3N2_H_d[Nr_H1o]_r0-130_int_acfless_correq.csv"...
    Saving DACF Agr File as "dacf_C3H3N2_H_d[Nr_H1o]_r0-130_int_acfless_correq.agr"...
      Writing file...
        [####]


----------------------------------------------------------------------------------------------------------
    Finished all analyses.


    Note: To show a list of all persons who contributed to TRAVIS,
          please add "-credits" to your command line arguments, or set the
          variable "SHOWCREDITS" to "TRUE" in your travis.conf file.

    Source code from other projects used in TRAVIS:
      - lmfit     from Joachim Wuttke
      - kiss_fft  from Mark Borgerding
      - voro++    from Chris Rycroft

    http://www.travis-analyzer.de

    Please cite all of the following articles for the analyses you have used:

  * For TRAVIS in general:

    "TRAVIS - A Free Analyzer for Trajectories from Molecular Simulation",
    M. Brehm, M. Thomas, S. Gehrke, B. Kirchner; J. Chem. Phys. 2020, 152 (16), 164105.   (DOI 10.1063/5.0005078 )

    "TRAVIS - A Free Analyzer and Visualizer for Monte Carlo and Molecular Dynamics Trajectories",
    M. Brehm, B. Kirchner; J. Chem. Inf. Model. 2011, 51 (8), pp 2007-2023.   (DOI 10.1021/ci200217w )

*** The End ***

