Command line:
"travis -p orb_analysis_unwrapped_v4.lmp -i input_travis_orb.txt"


  ________                                 __
 /        |                               /  |
 ########/ ______    ______    __     __  ##/    _______
    ## |  /      \  /      \  /  \   /  | /  |  /       |
    ## | /######  | ######  | ##  \ /##/  ## | /#######/
    ## | ## |  ##/  /    ## |  ##  /##/   ## | ##      \
    ## | ## |      /####### |   ## ##/    ## |  ######  |
    ## | ## |      ##    ## |    ###/     ## | /     ##/
    ##/  ##/        #######/      #/      ##/  #######/

    TRajectory Analyzer and VISualizer  -  Open-source free software under GNU GPL v3

    Copyright (c) Martin Brehm      (2009-2022), University of Halle (Saale)
                  Martin Thomas     (2012-2022)
                  Sascha Gehrke     (2016-2022), University of Bonn
                  Barbara Kirchner  (2009-2022), University of Bonn

    http://www.travis-analyzer.de

    Please cite: J. Chem. Phys. 2020, 152 (16), 164105.         (DOI 10.1063/5.0005078 )
                 J. Chem. Inf. Model. 2011, 51 (8), 2007-2023.  (DOI 10.1021/ci200217w )

    There is absolutely no warranty on any results obtained from TRAVIS.

 #  Running on bunya1.rcc.uq.edu.au at Sun Jan 25 12:48:15 2026 (PID 1981616)
 #  Running in /scratch/user/s4851246/proton_project/travis_tool/travis-src-220729
 #  Version: Jul 29 2022, built at Jan 19 2026, 09:13:21, compiler "13.3.0", GCC 13.3.0
 #  Target platform: Linux, __cplusplus=201402L, Compile flags: NEW_CHARGEVAR DEBUG_ARRAYS 
 #  Machine: x86_64, char=1b, int=4b, long=8b, addr=8b, 0xA0B0C0D0=D0,C0,B0,A0.
 #  Home: /home/s4851246,  Executable: /scratch/user/s4851246/proton_project/travis_tool/travis-src-220729/exe/travis
 #  Input from input_travis_orb.txt, Output to terminal

    >>> Please use a color scheme with dark background or specify "-nocolor"! <<<

    Loading configuration from /home/s4851246/.travis.conf ...

    Opening position trajectory orb_analysis_unwrapped_v4.lmp ...
    Analyzing LAMMPS trajectory column definition:
      - Field  1: id      
      - Field  2: element 
      - Field  3: xu      
      - Field  4: yu      
      - Field  5: zu      
    Found 5 columns in total.

    Trajectory contains approximately 201 frames (just a *guess* from the file size of 27.10 MiB).

    4700 atoms in the system: 500x C, 2800x H, 200x N, 1200x O

    System extent:  X = {   -818 ..  +4151 pm }, dX = 4969 pm
      (in step 1)   Y = {   -672 ..  +4232 pm }, dY = 4904 pm
                    Z = {   -482 ..  +4302 pm }, dZ = 4784 pm

    The "advanced mode" offers seldomly required features, including support for non-orthorhombic
    simulation cells, NPT ensemble, non-periodic systems, user-definded virtual atoms, pseudomolecules, ...

    Use the advanced mode until the analysis selection menu (y/n)? [no] n

    Found cell geometry data in trajectory file:

      X = 3720.00 pm,   Y = 3720.00 pm,   Z = 3720.00 pm

    The overall box density is 0.994420 g/cm^3.

    Assuming a 3D-periodic cell.

    Use these values (y) or enter different values (n)? [yes] y
    Update cell geometry in every time step (i.e., NPT ensemble) (y) or use fixed cell (n)? [yes] y

    Using the following element data:

      Element | Ord. Number |  Mass / u | Cov. Radius / pm | VdW Radius / pm | Color
    ----------|-------------|-----------|------------------|-----------------|----------
      H       |           1 |   1.00798 |            37.00 |          109.00 | #FFFFFF
      C       |           6 |  12.01060 |            82.00 |          170.00 | #808080
      N       |           7 |  14.00690 |            77.00 |          155.00 | #0000FF
      O       |           8 |  15.99940 |            75.00 |          152.00 | #FF0000


    NPT: Using a cell vector of ( 3720.00 pm | 3720.00 pm | 3720.00 pm ) for molecule recognition.

    Initialized spatial domain engine with 19 x 19 x 19 cells, min. diameter = 189 pm.

    Molecule recognition [###########################################################]

    1195 molecules found.

    Sorting atom types...
    Setting up bond lists...
    Building atom codes...
    Creating refined topological atom order...
      [############################################################] Done.
    Creating bond list...
    Creating angle list...
    Grouping together equivalent molecules...
    Found 9 unique molecule types.
    Sorting molecule types by molecular mass...
    Found 3 rings.
    Refining ring systems...
    Assigning ring systems to molecule types...
    Sorting rings by size...
    Molecule recognition finished.

Output of bond matrices:

*** Molecule 1: C5H8N2O2; Representant 1; Distances in pm ***
    (ring bonds are shown in green)

    C1  C2  C3  C4  C5  H1  H2  H3  H4  H5  H6  H7  H8  N1  N2  O1  O2 
C1  ***  -   -   -  158  -   -   -   -   -   -   -   -   -   -  131 125 
C2   -  ***  -   -   -   -   -  108  -   -   -   -   -  132 136  -   -  
C3   -   -  *** 137  -   -   -   -  105  -   -   -   -  136  -   -   -  
C4   -   -  137 ***  -   -   -   -   -  108  -   -   -   -  137  -   -  
C5  158  -   -   -  ***  -   -   -   -   -  109 107 110  -   -   -   -  
H1   -   -   -   -   -  ***  -   -   -   -   -   -   -  118  -  123  -  
H2   -   -   -   -   -   -  ***  -   -   -   -   -   -   -  109  -   -  
H3   -  108  -   -   -   -   -  ***  -   -   -   -   -   -   -   -   -  
H4   -   -  105  -   -   -   -   -  ***  -   -   -   -   -   -   -   -  
H5   -   -   -  108  -   -   -   -   -  ***  -   -   -   -   -   -   -  
H6   -   -   -   -  109  -   -   -   -   -  ***  -   -   -   -   -   -  
H7   -   -   -   -  107  -   -   -   -   -   -  ***  -   -   -   -   -  
H8   -   -   -   -  110  -   -   -   -   -   -   -  ***  -   -   -   -  
N1   -  132 136  -   -  118  -   -   -   -   -   -   -  ***  -   -   -  
N2   -  136  -  137  -   -  109  -   -   -   -   -   -   -  ***  -   -  
O1  131  -   -   -   -  123  -   -   -   -   -   -   -   -   -  ***  -  
O2  125  -   -   -   -   -   -   -   -   -   -   -   -   -   -   -  *** 

    5-ring: C2 - N2 - C4 - C3 - N1

    Atoms H6, H7, H8 are equivalent.

*** Molecule 2: C4H7O4; Representant 1; Distances in pm ***

    C1  C2  C3  C4  H1  H2  H3  H4  H5  H6  H7  O1  O2  O3  O4 
C1  ***  -  152  -   -   -   -   -   -   -   -  130  -  125  -  
C2   -  ***  -  144  -   -   -   -   -   -   -   -  130  -  123 
C3  152  -  ***  -   -  109 113 107  -   -   -   -   -   -   -  
C4   -  144  -  ***  -   -   -   -  111 114 108  -   -   -   -  
H1   -   -   -   -  ***  -   -   -   -   -   -  126 114  -   -  
H2   -   -  109  -   -  ***  -   -   -   -   -   -   -   -   -  
H3   -   -  113  -   -   -  ***  -   -   -   -   -   -   -   -  
H4   -   -  107  -   -   -   -  ***  -   -   -   -   -   -   -  
H5   -   -   -  111  -   -   -   -  ***  -   -   -   -   -   -  
H6   -   -   -  114  -   -   -   -   -  ***  -   -   -   -   -  
H7   -   -   -  108  -   -   -   -   -   -  ***  -   -   -   -  
O1  130  -   -   -  126  -   -   -   -   -   -  ***  -   -   -  
O2   -  130  -   -  114  -   -   -   -   -   -   -  ***  -   -  
O3  125  -   -   -   -   -   -   -   -   -   -   -   -  ***  -  
O4   -  123  -   -   -   -   -   -   -   -   -   -   -   -  *** 

    Atoms C1, C2 are equivalent.
    Atoms C3, C4 are equivalent.
    Atoms H2, H3, H4, H5, H6, H7 are equivalent.
    Atoms O1, O2 are equivalent.
    Atoms O3, O4 are equivalent.

*** Molecule 3: C2H6O3; Representant 1; Distances in pm ***

    C1  C2  H1  H2  H3  H4  H5  H6  O1  O2  O3 
C1  *** 154  -   -   -   -   -   -  126 127  -  
C2  154 ***  -   -   -  108 113 109  -   -   -  
H1   -   -  ***  -   -   -   -   -  127  -  120 
H2   -   -   -  ***  -   -   -   -   -   -  102 
H3   -   -   -   -  ***  -   -   -   -   -   98 
H4   -  108  -   -   -  ***  -   -   -   -   -  
H5   -  113  -   -   -   -  ***  -   -   -   -  
H6   -  109  -   -   -   -   -  ***  -   -   -  
O1  126  -  127  -   -   -   -   -  ***  -   -  
O2  127  -   -   -   -   -   -   -   -  ***  -  
O3   -   -  120 102  98  -   -   -   -   -  *** 

    Atoms H2, H3 are equivalent.
    Atoms H4, H5, H6 are equivalent.

*** Molecule 4: C3H5N2; Representant 1; Distances in pm ***
    (ring bonds are shown in green)

    C1  C2  C3  H1  H2  H3  H4  H5  N1  N2 
C1  ***  -   -   -   -  109  -   -  132 133 
C2   -  *** 141  -   -   -  110  -  145  -  
C3   -  141 ***  -   -   -   -  110  -  142 
H1   -   -   -  ***  -   -   -   -  102  -  
H2   -   -   -   -  ***  -   -   -   -  109 
H3  109  -   -   -   -  ***  -   -   -   -  
H4   -  110  -   -   -   -  ***  -   -   -  
H5   -   -  110  -   -   -   -  ***  -   -  
N1  132 145  -  102  -   -   -   -  ***  -  
N2  133  -  142  -  109  -   -   -   -  *** 

    5-ring: C2 - C3 - N2 - C1 - N1

    Atoms C2, C3 are equivalent.
    Atoms H1, H2 are equivalent.
    Atoms H4, H5 are equivalent.
    Atoms N1, N2 are equivalent.

*** Molecule 5: C3H4N2; Representant 1; Distances in pm ***
    (ring bonds are shown in green)

    C1  C2  C3  H1  H2  H3  H4  N1  N2 
C1  ***  -   -   -  106  -   -  141 134 
C2   -  *** 135  -   -  106  -  136  -  
C3   -  135 ***  -   -   -  112  -  143 
H1   -   -   -  ***  -   -   -  112  -  
H2  106  -   -   -  ***  -   -   -   -  
H3   -  106  -   -   -  ***  -   -   -  
H4   -   -  112  -   -   -  ***  -   -  
N1  141 136  -  112  -   -   -  ***  -  
N2  134  -  143  -   -   -   -   -  *** 

    5-ring: C1 - N2 - C3 - C2 - N1

*** Molecule 6: C2H4O2; Representant 1; Distances in pm ***

    C1  C2  H1  H2  H3  H4  O1  O2 
C1  *** 144  -   -   -   -  136 125 
C2  144 ***  -  107 111 106  -   -  
H1   -   -  ***  -   -   -  118  -  
H2   -  107  -  ***  -   -   -   -  
H3   -  111  -   -  ***  -   -   -  
H4   -  106  -   -   -  ***  -   -  
O1  136  -  118  -   -   -  ***  -  
O2  125  -   -   -   -   -   -  *** 

    Atoms H2, H3, H4 are equivalent.

*** Molecule 7: C2H3O2; Representant 1; Distances in pm ***

    C1  C2  H1  H2  H3  O1  O2 
C1  *** 152  -   -   -  132 126 
C2  152 *** 112 111 112  -   -  
H1   -  112 ***  -   -   -   -  
H2   -  111  -  ***  -   -   -  
H3   -  112  -   -  ***  -   -  
O1  132  -   -   -   -  ***  -  
O2  126  -   -   -   -   -  *** 

    Atoms H1, H2, H3 are equivalent.
    Atoms O1, O2 are equivalent.

*** Molecule 8: H3O; Representant 1; Distances in pm ***

    H1  H2  H3  O1 
H1  ***  -   -  109 
H2   -  ***  -  105 
H3   -   -  *** 107 
O1  109 105 107 *** 

    Atoms H1, H2, H3 are equivalent.

*** Molecule 9: H2O; Representant 1; Distances in pm ***

    H1  H2  O1 
H1  ***  -   95 
H2   -  ***  98 
O1   95  98 *** 

    Atoms H1, H2 are equivalent.


*** The following 9 kinds of molecules have been recognized:
    (ordered by molecular mass)

  - Molecule 1:  C5H8N2O2 (1 piece, 128.13 g/mol)
      (15 noneq. atoms, 15 noneq. bonds, 22 noneq. angles)
      Concentration:   0.032257 mol/liter
      Detected 1 ring:
         1.)  5-ring: C2 - N2 - C4 - C3 - N1

  - Molecule 2:  C4H7O4 (1 piece, 119.10 g/mol)
      (6 noneq. atoms, 5 noneq. bonds, 7 noneq. angles)
      Concentration:   0.032257 mol/liter

  - Molecule 3:  C2H6O3 (3 pieces, 78.07 g/mol)
      (8 noneq. atoms, 7 noneq. bonds, 9 noneq. angles)
      Concentration:   0.096770 mol/liter

  - Molecule 4:  C3H5N2 (37 pieces, 69.09 g/mol)
      (6 noneq. atoms, 6 noneq. bonds, 8 noneq. angles)
      Concentration:   1.193499 mol/liter
      Detected 1 ring:
         1.)  5-ring: C2 - C3 - N2 - C1 - N1

  - Molecule 5:  C3H4N2 (62 pieces, 68.08 g/mol)
      (9 noneq. atoms, 9 noneq. bonds, 13 noneq. angles)
      Concentration:   1.999917 mol/liter
      Detected 1 ring:
         1.)  5-ring: C1 - N2 - C3 - C2 - N1

  - Molecule 6:  C2H4O2 (53 pieces, 60.05 g/mol)
      (6 noneq. atoms, 5 noneq. bonds, 6 noneq. angles)
      Concentration:   1.709606 mol/liter

  - Molecule 7:  C2H3O2 (41 pieces, 59.04 g/mol)
      (4 noneq. atoms, 3 noneq. bonds, 4 noneq. angles)
      Concentration:   1.322526 mol/liter

  - Molecule 8:  H3O (5 pieces, 19.02 g/mol)
      (2 noneq. atoms, 1 noneq. bond, 1 noneq. angle)
      Concentration:   0.161284 mol/liter

  - Molecule 9:  H2O (992 pieces, 18.02 g/mol)
      (2 noneq. atoms, 1 noneq. bond, 1 noneq. angle)
      Concentration:  31.998671 mol/liter


    If you switch on "USE_OPENBABEL" in config.h, TRAVIS can print SMILES strings of your molecules.

    You can create images of the structural formulas with the atom labels for easier
    identification of the atoms (requires installed GraphViz package - see www.graphviz.org).

    Create images of the structural formulas (y/n)? [no] n

    Accept these molecules (y) or change something (n)? [yes] n

    If you want some atom types to form no bonds at all, assign covalent radius 0 to them.

    *** Modify Molecules ***

    Your choices:

    1.) Change covalent atom radii used for bond recognition
    2.) Break specific bonds
    3.) Rename elements
    4.) Split molecule type into two types
    5.) Add bonds / add solvation shell to molecule

    Please select: [done] 2

    Break bonds in which molecule (1-9)? 9
    Break all bonds within this molecule (y/n)? [no] y

    Break another bond (y/n)? [no] y

    Break bonds in which molecule (1-9)? 8
    Break all bonds within this molecule (y/n)? [no] y

    Break another bond (y/n)? [no] y

    Break bonds in which molecule (1-9)? 6
    Break all bonds within this molecule (y/n)? [no] n
    Enter 1st atom of the bond to break (e.g. C1): o1
    Enter 2nd atom of the bond to break (e.g. C2): h1

    Break another bond (y/n)? [no] y

    Break bonds in which molecule (1-9)? 5
    Break all bonds within this molecule (y/n)? [no] n
    Enter 1st atom of the bond to break (e.g. C1): n1
    Enter 2nd atom of the bond to break (e.g. C2): h1

    Break another bond (y/n)? [no] y

    Break bonds in which molecule (1-9)? 4
    Break all bonds within this molecule (y/n)? [no] n
    Enter 1st atom of the bond to break (e.g. C1): n1
    Enter 2nd atom of the bond to break (e.g. C2): h1

    Break another bond (y/n)? [no] y

    Break bonds in which molecule (1-9)? 4
    Break all bonds within this molecule (y/n)? [no] n
    Enter 1st atom of the bond to break (e.g. C1): n2
    Enter 2nd atom of the bond to break (e.g. C2): h2

    Break another bond (y/n)? [no] y

    Break bonds in which molecule (1-9)? 3
    Break all bonds within this molecule (y/n)? [no] n
    Enter 1st atom of the bond to break (e.g. C1): o1
    Enter 2nd atom of the bond to break (e.g. C2): h1

    Break another bond (y/n)? [no] y

    Break bonds in which molecule (1-9)? 3
    Break all bonds within this molecule (y/n)? [no] n
    Enter 1st atom of the bond to break (e.g. C1): o3
    Enter 2nd atom of the bond to break (e.g. C2): h2

    Break another bond (y/n)? [no] y

    Break bonds in which molecule (1-9)? 3
    Break all bonds within this molecule (y/n)? [no] n
    Enter 1st atom of the bond to break (e.g. C1): o3
    Enter 2nd atom of the bond to break (e.g. C2): h3

    Break another bond (y/n)? [no] n


    *** Modify Molecules ***

    Your choices:

    1.) Change covalent atom radii used for bond recognition
    2.) Break specific bonds
    3.) Rename elements
    4.) Split molecule type into two types
    5.) Add bonds / add solvation shell to molecule

    Please select: [done] <RETURN>

    Going back to molecule recognition with changed settings.


    NPT: Using a cell vector of ( 3720.00 pm | 3720.00 pm | 3720.00 pm ) for molecule recognition.

    Initialized spatial domain engine with 19 x 19 x 19 cells, min. diameter = 189 pm.

    Molecule recognition [###########################################################]

    3392 molecules found.

    Sorting atom types...
    2197 bonds have been broken.
    Setting up bond lists...
    Building atom codes...
    Creating refined topological atom order...
      [############################################################] Done.
    Creating bond list...
    Creating angle list...
    Grouping together equivalent molecules...
    Found 7 unique molecule types.
    Sorting molecule types by molecular mass...
    Found 3 rings.
    Refining ring systems...
    Assigning ring systems to molecule types...
    Sorting rings by size...
    Molecule recognition finished.

Output of bond matrices:

*** Molecule 1: C5H8N2O2; Representant 1; Distances in pm ***
    (ring bonds are shown in green)

    C1  C2  C3  C4  C5  H1  H2  H3  H4  H5  H6  H7  H8  N1  N2  O1  O2 
C1  ***  -   -   -  158  -   -   -   -   -   -   -   -   -   -  131 125 
C2   -  ***  -   -   -   -   -  108  -   -   -   -   -  132 136  -   -  
C3   -   -  *** 137  -   -   -   -  105  -   -   -   -  136  -   -   -  
C4   -   -  137 ***  -   -   -   -   -  108  -   -   -   -  137  -   -  
C5  158  -   -   -  ***  -   -   -   -   -  109 107 110  -   -   -   -  
H1   -   -   -   -   -  ***  -   -   -   -   -   -   -  118  -  123  -  
H2   -   -   -   -   -   -  ***  -   -   -   -   -   -   -  109  -   -  
H3   -  108  -   -   -   -   -  ***  -   -   -   -   -   -   -   -   -  
H4   -   -  105  -   -   -   -   -  ***  -   -   -   -   -   -   -   -  
H5   -   -   -  108  -   -   -   -   -  ***  -   -   -   -   -   -   -  
H6   -   -   -   -  109  -   -   -   -   -  ***  -   -   -   -   -   -  
H7   -   -   -   -  107  -   -   -   -   -   -  ***  -   -   -   -   -  
H8   -   -   -   -  110  -   -   -   -   -   -   -  ***  -   -   -   -  
N1   -  132 136  -   -  118  -   -   -   -   -   -   -  ***  -   -   -  
N2   -  136  -  137  -   -  109  -   -   -   -   -   -   -  ***  -   -  
O1  131  -   -   -   -  123  -   -   -   -   -   -   -   -   -  ***  -  
O2  125  -   -   -   -   -   -   -   -   -   -   -   -   -   -   -  *** 

    5-ring: C2 - N2 - C4 - C3 - N1

    Atoms H6, H7, H8 are equivalent.

*** Molecule 2: C4H7O4; Representant 1; Distances in pm ***

    C1  C2  C3  C4  H1  H2  H3  H4  H5  H6  H7  O1  O2  O3  O4 
C1  ***  -  152  -   -   -   -   -   -   -   -  130  -  125  -  
C2   -  ***  -  144  -   -   -   -   -   -   -   -  130  -  123 
C3  152  -  ***  -   -  109 113 107  -   -   -   -   -   -   -  
C4   -  144  -  ***  -   -   -   -  111 114 108  -   -   -   -  
H1   -   -   -   -  ***  -   -   -   -   -   -  126 114  -   -  
H2   -   -  109  -   -  ***  -   -   -   -   -   -   -   -   -  
H3   -   -  113  -   -   -  ***  -   -   -   -   -   -   -   -  
H4   -   -  107  -   -   -   -  ***  -   -   -   -   -   -   -  
H5   -   -   -  111  -   -   -   -  ***  -   -   -   -   -   -  
H6   -   -   -  114  -   -   -   -   -  ***  -   -   -   -   -  
H7   -   -   -  108  -   -   -   -   -   -  ***  -   -   -   -  
O1  130  -   -   -  126  -   -   -   -   -   -  ***  -   -   -  
O2   -  130  -   -  114  -   -   -   -   -   -   -  ***  -   -  
O3  125  -   -   -   -   -   -   -   -   -   -   -   -  ***  -  
O4   -  123  -   -   -   -   -   -   -   -   -   -   -   -  *** 

    Atoms C1, C2 are equivalent.
    Atoms C3, C4 are equivalent.
    Atoms H2, H3, H4, H5, H6, H7 are equivalent.
    Atoms O1, O2 are equivalent.
    Atoms O3, O4 are equivalent.

*** Molecule 3: C3H3N2; Representant 1; Distances in pm ***
    (ring bonds are shown in green)

    C1  C2  C3  H1  H2  H3  N1  N2 
C1  ***  -   -  106  -   -  134 141 
C2   -  *** 135  -  112  -  143  -  
C3   -  135 ***  -   -  106  -  136 
H1  106  -   -  ***  -   -   -   -  
H2   -  112  -   -  ***  -   -   -  
H3   -   -  106  -   -  ***  -   -  
N1  134 143  -   -   -   -  ***  -  
N2  141  -  136  -   -   -   -  *** 

    5-ring: C1 - N1 - C2 - C3 - N2

    Atoms C2, C3 are equivalent.
    Atoms H2, H3 are equivalent.
    Atoms N1, N2 are equivalent.

*** Molecule 4: C2H3O2; Representant 1; Distances in pm ***

    C1  C2  H1  H2  H3  O1  O2 
C1  *** 144  -   -   -  125 136 
C2  144 *** 106 111 107  -   -  
H1   -  106 ***  -   -   -   -  
H2   -  111  -  ***  -   -   -  
H3   -  107  -   -  ***  -   -  
O1  125  -   -   -   -  ***  -  
O2  136  -   -   -   -   -  *** 

    Atoms H1, H2, H3 are equivalent.
    Atoms O1, O2 are equivalent.

*** Molecule 5: HO; Representant 1; Distances in pm ***
    (ring bonds are shown in green)

    H1  O1 
H1  *** 120 
O1  120 *** 

    2-ring: H1 - O1

*** Molecule 6: O; Representant 1; Distances in pm ***
[only 1 Atom]

*** Molecule 7: H; Representant 1; Distances in pm ***
[only 1 Atom]


*** The following 7 kinds of molecules have been recognized:
    (ordered by molecular mass)

  - Molecule 1:  C5H8N2O2 (1 piece, 128.13 g/mol)
      (15 noneq. atoms, 15 noneq. bonds, 22 noneq. angles)
      Concentration:   0.032257 mol/liter
      Detected 1 ring:
         1.)  5-ring: C2 - N2 - C4 - C3 - N1

  - Molecule 2:  C4H7O4 (1 piece, 119.10 g/mol)
      (6 noneq. atoms, 5 noneq. bonds, 7 noneq. angles)
      Concentration:   0.032257 mol/liter

  - Molecule 3:  C3H3N2 (99 pieces, 67.07 g/mol)
      (5 noneq. atoms, 5 noneq. bonds, 6 noneq. angles)
      Concentration:   3.193416 mol/liter
      Detected 1 ring:
         1.)  5-ring: C1 - N1 - C2 - C3 - N2

  - Molecule 4:  C2H3O2 (97 pieces, 59.04 g/mol)
      (4 noneq. atoms, 3 noneq. bonds, 4 noneq. angles)
      Concentration:   3.128902 mol/liter

  - Molecule 5:  HO (3 pieces, 17.01 g/mol)
      (2 noneq. atoms, 1 noneq. bond, 0 noneq. angles)
      Concentration:   0.096770 mol/liter
      Detected 1 ring:
         1.)  2-ring: H1 - O1

  - Molecule 6:  O (997 pieces, 16.00 g/mol)
      (1 noneq. atom, 0 noneq. bonds, 0 noneq. angles)
      Concentration:  32.159955 mol/liter

  - Molecule 7:  H (2194 pieces, 1.01 g/mol)
      (1 noneq. atom, 0 noneq. bonds, 0 noneq. angles)
      Concentration:  70.771255 mol/liter


    If you switch on "USE_OPENBABEL" in config.h, TRAVIS can print SMILES strings of your molecules.

    You can create images of the structural formulas with the atom labels for easier
    identification of the atoms (requires installed GraphViz package - see www.graphviz.org).

    Create images of the structural formulas (y/n)? [no] n

    Accept these molecules (y) or change something (n)? [yes] y

    Uniting molecules which have been broken by wrapping...

    Determining maximum molecular diameters...

    Found the following maximal molecular diameters:

      (*) Molecule 1 (C5H8N2O2):    836.61 pm

      (*) Molecule 2 (C4H7O4):      732.42 pm

      (*) Molecule 3 (C3H3N2):      440.91 pm

      (*) Molecule 4 (C2H3O2):      347.41 pm

      (*) Molecule 5 (HO):          121.96 pm

      (*) Molecule 6 (O):         (only one atom)

      (*) Molecule 7 (H):         (only one atom)


    The atoms are currently ordered by topological priority.

    Defining virtual atom #1 as molecular Center of Geometry:
      - C5H8N2O2...
      - C4H7O4...
      - C3H3N2...
      - C2H3O2...
      - HO...
      - O...
      - H...

    Defining virtual atom #2 as molecular Center of Mass:
      - C5H8N2O2...
      - C4H7O4...
      - C3H3N2...
      - C2H3O2...
      - HO...
      - O...
      - H...

    Defining ring centers in C5H8N2O2:
      - Defining #3 as Center of Ring 1: C2 - N2 - C4 - C3 - N1

    Defining ring centers in C3H3N2:
      - Defining #3 as Center of Ring 1: C1 - N1 - C2 - C3 - N2

    Defining ring centers in HO:
      - Defining #3 as Center of Ring 1: H1 - O1

    Defining molecular dipole vectors:

      The last virtual atom of each molecule is defined as the tip of the dipole vector
      starting in center of mass (#2). 1 Debye corresponds to 100 pm of vector length.
      Only useful if dipole/charge data is provided. Otherwise vector has always length of zero.

      - Dipole vector #2 --> #4 in C5H8N2O2 ...
      - Dipole vector #2 --> #3 in C4H7O4 ...
      - Dipole vector #2 --> #4 in C3H3N2 ...
      - Dipole vector #2 --> #3 in C2H3O2 ...
      - Dipole vector #2 --> #4 in HO ...
      - Dipole vector #2 --> #3 in O ...
      - Dipole vector #2 --> #3 in H ...

>>> 24 virtual atoms have been defined: >>>

    #1 in C5H8N2O2: Center of Geometry.
    #2 in C5H8N2O2: Center of Mass.

    #3 in C5H8N2O2 - defined through center:
      -  C2    Weight 20.00%
      -  C4    Weight 20.00%
      -  C3    Weight 20.00%
      -  N2    Weight 20.00%
      -  N1    Weight 20.00%

    #4 in C5H8N2O2 - tip of molecular dipole vector starting in #2.

    #1 in C4H7O4: Center of Geometry.
    #2 in C4H7O4: Center of Mass.

    #3 in C4H7O4 - tip of molecular dipole vector starting in #2.

    #1 in C3H3N2: Center of Geometry.
    #2 in C3H3N2: Center of Mass.

    #3 in C3H3N2 - defined through center:
      -  C1    Weight 20.00%
      -  C2    Weight 20.00%
      -  C3    Weight 20.00%
      -  N1    Weight 20.00%
      -  N2    Weight 20.00%

    #4 in C3H3N2 - tip of molecular dipole vector starting in #2.

    #1 in C2H3O2: Center of Geometry.
    #2 in C2H3O2: Center of Mass.

    #3 in C2H3O2 - tip of molecular dipole vector starting in #2.

    #1 in HO: Center of Geometry.
    #2 in HO: Center of Mass.

    #3 in HO - defined through center:
      -  H1    Weight 50.00%
      -  O1    Weight 50.00%

    #4 in HO - tip of molecular dipole vector starting in #2.

    #1 in O: Center of Geometry.
    #2 in O: Center of Mass.

    #3 in O - tip of molecular dipole vector starting in #2.

    #1 in H: Center of Geometry.
    #2 in H: Center of Mass.

    #3 in H - tip of molecular dipole vector starting in #2.

<<< End of virtual atoms <<<


>>> List of functions <<<

 *** Static (time independent) Functions
 cdf      - Combined Distribution Function
 rdf      - Radial Distribution Function
 adf      - Angular Distribution Function
 ddf      - Dihedral Distribution Function
 pldf     - Point-Plane Distance Distribution
 lidf     - Point-Line Distance Distribution
 plproj   - Plane Projection Distribution
 dprof    - Fixed Plane Density Profile
 fpp      - Fixed Plane Projection
 dens     - Density Distribution Function
 sdf      - Spatial Distribution Function
 psdf     - Pseudo SDF (only 2 ref. atoms)
 dip      - Dipole Distribution Function
 cond     - Evaluate Structural Condition
 sfac     - Compute Structure Factor
 agtopo   - Aggregation Topology Analysis
 sankey   - Sankey diagram plot
 cmat     - Contact Matrix / Connection Matrix
 geodens  - Particle Density inside Geometric Object

 *** Dynamic (time dependent) Functions
 vdf      - Velocity Distribution Function
 fdf      - Force Distribution Function
 msd      - Mean Square Displacement / Diffusion Coefficients
 acf      - Velocity Autocorrelation Functions
 rdyn     - Vector Reorientation Dynamics
 vhcf     - Van Hove Correlation Function
 aggr     - Aggregation Functions (DACF, DLDF, DDisp)
 hbond    - Hydrogen Bond Dynamics
 ionpair  - Diffusion Corrected Ion Pair Dynamics
 tddf     - Time Dependent Distribution Functions

 *** Spectroscopic Functions
 spec     - New Spectroscopy Module (IR, Raman, VCD, ROA)
 power    - Calculate Power Spectrum
 nc       - Normal Coordinate Analysis
 ir       - (old) Calculate IR Spectrum
 raman    - (old) Calculate Raman Spectrum
 vcd      - (old) Calculate VCD Spectrum
 rera     - Calculate Resonance Raman Spectrum
 drst     - Save Dipole Restart File
 mrst     - Save Magnetic Moment Restart File
 pol      - Set up Polarizability Calculation

 *** Miscellaneous Functions
 env      - Save Trajectory of RM Environment / TDO Plot
 proc     - Save Processed Trajectory
 cut      - Cut Clusters
 reg      - Region-specific Analysis
 chi      - Chirality Analysis
 eck      - Transform to Eckart Frame
 swan     - Sort Wannier Centers
 voro     - Basic Voronoi Analysis
 vori     - Voronoi Integration Functions
 vorochg  - Voronoi Charge Optimization
 doma     - Domain Analysis
 order    - Order Parameters
 hole     - Hole Theory based Analysis
 cla      - Cluster Analysis

   (You may specify multiple analyses at once, but
    the safe way is to perform only one kind of analysis at a time.)

    Which functions to compute (comma separated)? rdf

 rdf     - Radial Distribution Function

    The advanced mode includes some options which are quite powerful,
    yet possibly weird or seldomly required.

    Use the advanced mode for the main part (y/n)? [no] 
End of input file reached. Switching to keyboard input.

    Do you want to write an input file for this session (y/n)? [yes] 
    Copying contents of old input file to input.txt ...
Please continue with answering the last question above.

n


    Which of the molecules should be the reference molecule (C5H8N2O2=1, C4H7O4=2, C3H3N2=3, C2H3O2=4, HO=5, O=6, H=7)? [B[A[B
Invalid input. Enter an integer number between 1 and 7.

    Which of the molecules should be the reference molecule (C5H8N2O2=1, C4H7O4=2, C3H3N2=3, C2H3O2=4, HO=5, O=6, H=7)? 6

    O is the reference molecule.


>>> Observation 1 >>>

    Perform this observation intramolecular (within the reference molecule) (0) or intermolecular (1)? [1] 1

    Which molecule should be observed (C5H8N2O2=1, C4H7O4=2, C3H3N2=3, C2H3O2=4, HO=5, O=6, H=7)? 7

>>> Radial Distribution Function >>>

    Take reference atom(s) from RM O (0) or from OM H (1)? [0] 
    Take observed atom(s) from RM O (0) or from OM H (1)? [1] 

    O is only one atom, there is no choice.
    H is only one atom, there is no choice.
    This yields in 1 combinations.

    The smallest periodic cell half diameter is 1860.00 pm. You can compute meaningful RDFs up to this distance.

    There is also a long-range RDF formula by Roehrig & Kuehne which works up to 3221.61 pm.
    If you enter a max. radius of > 1860.00 pm, you will be asked to switch it on.

    Using 0 pm as the minimal radius of the RDF.

    Enter the maximal radius of this RDF (in pm): [1800.0] 1200

    The default resolution is 300 bins per nm, corresponding to a bin width of 3.33 pm.

    Enter the resolution (bin count) for this RDF: [360] 1200
    Correct radial distribution for this RDF (y/n)? [yes] 

<<< End of Radial Distribution Function <<<

    Save temporal development for this observation (y/n)? [no] 
    Add a condition to this observation (y/n)? [no] 

<<< End of Observation 1 <<<

    Add another observation (y/n)? [no] y

>>> Observation 2 >>>

    Perform this observation intramolecular (within the reference molecule) (0) or intermolecular (1)? [1] 1

    Which molecule should be observed (C5H8N2O2=1, C4H7O4=2, C3H3N2=3, C2H3O2=4, HO=5, O=6, H=7)? 6

>>> Radial Distribution Function >>>

    Take reference atom(s) from RM O (0) or from OM O (1)? [0] 
    Take observed atom(s) from RM O (0) or from OM O (1)? [1] 

    O is only one atom, there is no choice.
    O is only one atom, there is no choice.
    This yields in 1 combinations.

    The smallest periodic cell half diameter is 1860.00 pm. You can compute meaningful RDFs up to this distance.

    There is also a long-range RDF formula by Roehrig & Kuehne which works up to 3221.61 pm.
    If you enter a max. radius of > 1860.00 pm, you will be asked to switch it on.

    Using 0 pm as the minimal radius of the RDF.

    Enter the maximal radius of this RDF (in pm): [1800.0] 1200

    The default resolution is 300 bins per nm, corresponding to a bin width of 3.33 pm.

    Enter the resolution (bin count) for this RDF: [360] 1200
    Correct radial distribution for this RDF (y/n)? [yes] 

<<< End of Radial Distribution Function <<<

    Save temporal development for this observation (y/n)? [no] 
    Add a condition to this observation (y/n)? [no] 

<<< End of Observation 2 <<<

    Add another observation (y/n)? [no] y

>>> Observation 3 >>>

    Perform this observation intramolecular (within the reference molecule) (0) or intermolecular (1)? [1] 

    Which molecule should be observed (C5H8N2O2=1, C4H7O4=2, C3H3N2=3, C2H3O2=4, HO=5, O=6, H=7)? 4

>>> Radial Distribution Function >>>

    Take reference atom(s) from RM O (0) or from OM C2H3O2 (1)? [0] 
    Take observed atom(s) from RM O (0) or from OM C2H3O2 (1)? [1] 

    O is only one atom, there is no choice.
    Which atom(s) to take from OM C2H3O2 (e.g. "C1,C3-5,H", "*"=all)? [#2] O
    This yields in 2 combinations.

    The smallest periodic cell half diameter is 1860.00 pm. You can compute meaningful RDFs up to this distance.

    There is also a long-range RDF formula by Roehrig & Kuehne which works up to 3221.61 pm.
    If you enter a max. radius of > 1860.00 pm, you will be asked to switch it on.

    Using 0 pm as the minimal radius of the RDF.

    Enter the maximal radius of this RDF (in pm): [1800.0] 1200

    The default resolution is 300 bins per nm, corresponding to a bin width of 3.33 pm.

    Enter the resolution (bin count) for this RDF: [360] 1200
    Correct radial distribution for this RDF (y/n)? [yes] 

<<< End of Radial Distribution Function <<<

    Save temporal development for this observation (y/n)? [no] 
    Add a condition to this observation (y/n)? [no] 

<<< End of Observation 3 <<<

    Add another observation (y/n)? [no] 

>>> Observation List >>>

  *** Observation 1
    - RDF: O_H_[O1r_H1o]
  *** Observation 2
    - RDF: O_O_[O1r_O1o]
  *** Observation 3
    - RDF: O_C2H3O2_[O1r_Oo]

<<< End of Observation List <<<


    Not wrapping molecules into the box.

    Not removing center of mass movement of the box.

    In which trajectory frame to start processing the trajectory? [1] 
    How many trajectory frames to read (from this position on)? [all] 
    Use every n-th read trajectory frame for the analysis: [1] 

    Using 201 time steps: Every 1st within range 1 - approx. 201.

########## All information collected ##########

>>> Initialization >>>

Initializing observation 1...
  Creating RDF...
Initializing observation 2...
  Creating RDF...
Initializing observation 3...
  Creating RDF...

<<< End of Initialization <<<


##########   Starting Main Pass   ##########

Hint: Press CTRL+C once to softly interrupt analysis and still write the results.
      Creating an empty file named EXIT ("touch EXIT") has the same effect.

Step      0 .................................................. ETA  2m18s
Step     50 .................................................. ETA  1m32s
Step    100 .................................................. ETA 47s
Step    150 .................................................. ETA  0s
Step    200 .
End of trajectory file reached.


##########   Main pass done   ##########

201 time steps processed.



    Finishing analyses:
----------------------------------------------------------------------------------------------------------


>>> Observation 1 >>>

* Radial Distribution Function
    62088418 bin entries, 377582600 out of bin range (85.88 percent).
    Max. bin entry: 1.541349E+05  -->  EPS: 2.910383E-11
    Mean value:     1785.3 pm    Standard deviation:    519.516 pm
    Min. value:    88.2152 pm    Max.value:             3219.18 pm
    Scaling RDF to uniform density ...
    Correcting radial distribution...
    Performing automatic peak detection...
    >>> Peak Data >>>
      1. maximum at   99.50 pm, height 48.3105
      1. minimum at  250.50 pm, height  0.0647,  3.7509 particles in 1. solvation shell.
      2. maximum at  322.50 pm, height  2.0244
      2. minimum at  430.50 pm, height  0.9762, 13.1338 particles in 2. solvation shell.
    <<< Peak Data <<<
    Saving RDF as "rdf_O_H_[O1r_H1o].csv"...
      Note: The third column of the text file contains the number integral / coordination number.
    Saving RDF AGR file as "rdf_O_H_[O1r_H1o].agr"...

>>> Observation 2 >>>

* Radial Distribution Function
    28051104 bin entries, 171544308 out of bin range (85.95 percent).
    Max. bin entry: 7.017514E+04  -->  EPS: 1.455192E-11
    Mean value:    1786.63 pm    Standard deviation:    517.584 pm
    Min. value:    228.852 pm    Max.value:              3219.5 pm
    Scaling RDF to uniform density ...
    Correcting radial distribution...
    Performing automatic peak detection...
    >>> Peak Data >>>
      1. maximum at  270.50 pm, height  4.4922
      1. minimum at  332.50 pm, height  0.3305,  3.2210 particles in 1. solvation shell.
      2. maximum at  439.50 pm, height  1.5981
      2. minimum at  562.50 pm, height  0.7396, 12.1636 particles in 2. solvation shell.
    <<< Peak Data <<<
    Saving RDF as "rdf_O_O_[O1r_O1o].csv"...
      Note: The third column of the text file contains the number integral / coordination number.
    Saving RDF AGR file as "rdf_O_O_[O1r_O1o].agr"...

>>> Observation 3 >>>

* Radial Distribution Function
    5400630 bin entries, 33476388 out of bin range (86.11 percent).
    Max. bin entry: 1.374973E+04  -->  EPS: 1.818989E-12
    Mean value:    1788.29 pm    Standard deviation:    512.635 pm
    Min. value:    227.861 pm    Max.value:             3218.35 pm
    Scaling RDF to uniform density ...
    Correcting radial distribution...
    Performing automatic peak detection...
    >>> Peak Data >>>
      1. maximum at  267.50 pm, height  2.1791
      1. minimum at  322.50 pm, height  0.3603,  0.3361 particles in 1. solvation shell.
      2. maximum at  469.50 pm, height  1.3752
      2. minimum at  549.50 pm, height  0.8479,  2.0136 particles in 2. solvation shell.
    <<< Peak Data <<<
    Saving RDF as "rdf_O_C2H3O2_[O1r_Oo].csv"...
      Note: The third column of the text file contains the number integral / coordination number.
    Saving RDF AGR file as "rdf_O_C2H3O2_[O1r_Oo].agr"...


----------------------------------------------------------------------------------------------------------
    Finished all analyses.


    Analysis was running for 0h 3m 8s.
      (1.069 steps per second)


    Note: To show a list of all persons who contributed to TRAVIS,
          please add "-credits" to your command line arguments, or set the
          variable "SHOWCREDITS" to "TRUE" in your travis.conf file.

    Source code from other projects used in TRAVIS:
      - lmfit     from Joachim Wuttke
      - kiss_fft  from Mark Borgerding
      - voro++    from Chris Rycroft

    http://www.travis-analyzer.de

    Please cite all of the following articles for the analyses you have used:

  * For TRAVIS in general:

    "TRAVIS - A Free Analyzer for Trajectories from Molecular Simulation",
    M. Brehm, M. Thomas, S. Gehrke, B. Kirchner; J. Chem. Phys. 2020, 152 (16), 164105.   (DOI 10.1063/5.0005078 )

    "TRAVIS - A Free Analyzer and Visualizer for Monte Carlo and Molecular Dynamics Trajectories",
    M. Brehm, B. Kirchner; J. Chem. Inf. Model. 2011, 51 (8), pp 2007-2023.   (DOI 10.1021/ci200217w )

*** The End ***

